2019-02-18T15:26:00+00:00 CRITICAL Uncaught Error: Call to a member function get_price_html() on null in /var/www/html/student/wp-content/themes/Student/partials/popular-products.php:29
Stack trace:
#0 /var/www/html/student/wp-includes/template.php(690): require()
#1 /var/www/html/student/wp-includes/template.php(647): load_template('/var/www/html/s...', false)
#2 /var/www/html/student/wp-includes/general-template.php(155): locate_template(Array, true, false)
#3 /var/www/html/student/wp-content/themes/Student/home.php(12): get_template_part('partials/popula...')
#4 /var/www/html/student/wp-includes/template-loader.php(74): include('/var/www/html/s...')
#5 /var/www/html/student/wp-blog-header.php(19): require_once('/var/www/html/s...')
#6 /var/www/html/student/index.php(17): require('/var/www/html/s...')
#7 {main}
  thrown in /var/www/html/student/wp-content/themes/Student/partials/popular-products.php on line 29

2019-02-18T15:27:32+00:00 CRITICAL Uncaught Error: Call to a member function get_price_html() on null in /var/www/html/student/wp-content/themes/Student/partials/popular-products.php:29
Stack trace:
#0 /var/www/html/student/wp-includes/template.php(690): require()
#1 /var/www/html/student/wp-includes/template.php(647): load_template('/var/www/html/s...', false)
#2 /var/www/html/student/wp-includes/general-template.php(155): locate_template(Array, true, false)
#3 /var/www/html/student/wp-content/themes/Student/home.php(12): get_template_part('partials/popula...')
#4 /var/www/html/student/wp-includes/template-loader.php(74): include('/var/www/html/s...')
#5 /var/www/html/student/wp-blog-header.php(19): require_once('/var/www/html/s...')
#6 /var/www/html/student/index.php(17): require('/var/www/html/s...')
#7 {main}
  thrown in /var/www/html/student/wp-content/themes/Student/partials/popular-products.php on line 29

2019-02-18T15:28:13+00:00 CRITICAL Uncaught Error: Call to a member function get_price_html() on null in /var/www/html/student/wp-content/themes/Student/partials/popular-products.php:29
Stack trace:
#0 /var/www/html/student/wp-includes/template.php(690): require()
#1 /var/www/html/student/wp-includes/template.php(647): load_template('/var/www/html/s...', false)
#2 /var/www/html/student/wp-includes/general-template.php(155): locate_template(Array, true, false)
#3 /var/www/html/student/wp-content/themes/Student/home.php(12): get_template_part('partials/popula...')
#4 /var/www/html/student/wp-includes/template-loader.php(74): include('/var/www/html/s...')
#5 /var/www/html/student/wp-blog-header.php(19): require_once('/var/www/html/s...')
#6 /var/www/html/student/index.php(17): require('/var/www/html/s...')
#7 {main}
  thrown in /var/www/html/student/wp-content/themes/Student/partials/popular-products.php on line 29

2019-02-18T15:28:34+00:00 CRITICAL Uncaught Error: Call to a member function get_price_html() on null in /var/www/html/student/wp-content/themes/Student/partials/popular-products.php:28
Stack trace:
#0 /var/www/html/student/wp-includes/template.php(690): require()
#1 /var/www/html/student/wp-includes/template.php(647): load_template('/var/www/html/s...', false)
#2 /var/www/html/student/wp-includes/general-template.php(155): locate_template(Array, true, false)
#3 /var/www/html/student/wp-content/themes/Student/home.php(12): get_template_part('partials/popula...')
#4 /var/www/html/student/wp-includes/template-loader.php(74): include('/var/www/html/s...')
#5 /var/www/html/student/wp-blog-header.php(19): require_once('/var/www/html/s...')
#6 /var/www/html/student/index.php(17): require('/var/www/html/s...')
#7 {main}
  thrown in /var/www/html/student/wp-content/themes/Student/partials/popular-products.php on line 28

2019-02-18T15:28:34+00:00 CRITICAL Uncaught Error: Call to a member function get_price_html() on null in /var/www/html/student/wp-content/themes/Student/partials/popular-products.php:28
Stack trace:
#0 /var/www/html/student/wp-includes/template.php(690): require()
#1 /var/www/html/student/wp-includes/template.php(647): load_template('/var/www/html/s...', false)
#2 /var/www/html/student/wp-includes/general-template.php(155): locate_template(Array, true, false)
#3 /var/www/html/student/wp-content/themes/Student/home.php(12): get_template_part('partials/popula...')
#4 /var/www/html/student/wp-includes/template-loader.php(74): include('/var/www/html/s...')
#5 /var/www/html/student/wp-blog-header.php(19): require_once('/var/www/html/s...')
#6 /var/www/html/student/index.php(17): require('/var/www/html/s...')
#7 {main}
  thrown in /var/www/html/student/wp-content/themes/Student/partials/popular-products.php on line 28

2019-02-18T15:28:34+00:00 CRITICAL Uncaught Error: Call to a member function get_price_html() on null in /var/www/html/student/wp-content/themes/Student/partials/popular-products.php:28
Stack trace:
#0 /var/www/html/student/wp-includes/template.php(690): require()
#1 /var/www/html/student/wp-includes/template.php(647): load_template('/var/www/html/s...', false)
#2 /var/www/html/student/wp-includes/general-template.php(155): locate_template(Array, true, false)
#3 /var/www/html/student/wp-content/themes/Student/home.php(12): get_template_part('partials/popula...')
#4 /var/www/html/student/wp-includes/template-loader.php(74): include('/var/www/html/s...')
#5 /var/www/html/student/wp-blog-header.php(19): require_once('/var/www/html/s...')
#6 /var/www/html/student/index.php(17): require('/var/www/html/s...')
#7 {main}
  thrown in /var/www/html/student/wp-content/themes/Student/partials/popular-products.php on line 28

2019-02-18T17:48:44+00:00 CRITICAL Uncaught Error: Call to a member function get_cart_url() on null in /var/www/html/student/wp-content/themes/Student/header.php:46
Stack trace:
#0 /var/www/html/student/wp-includes/template.php(688): require_once()
#1 /var/www/html/student/wp-includes/template.php(647): load_template('/var/www/html/s...', true)
#2 /var/www/html/student/wp-includes/general-template.php(41): locate_template(Array, true)
#3 /var/www/html/student/wp-content/themes/Student/home.php(1): get_header()
#4 /var/www/html/student/wp-includes/template-loader.php(74): include('/var/www/html/s...')
#5 /var/www/html/student/wp-blog-header.php(19): require_once('/var/www/html/s...')
#6 /var/www/html/student/index.php(17): require('/var/www/html/s...')
#7 {main}
  thrown in /var/www/html/student/wp-content/themes/Student/header.php on line 46

2019-02-18T17:50:52+00:00 CRITICAL Uncaught Error: Call to a member function cart_contents_count() on null in /var/www/html/student/wp-content/themes/Student/header.php:47
Stack trace:
#0 /var/www/html/student/wp-includes/template.php(688): require_once()
#1 /var/www/html/student/wp-includes/template.php(647): load_template('/var/www/html/s...', true)
#2 /var/www/html/student/wp-includes/general-template.php(41): locate_template(Array, true)
#3 /var/www/html/student/wp-content/themes/Student/home.php(1): get_header()
#4 /var/www/html/student/wp-includes/template-loader.php(74): include('/var/www/html/s...')
#5 /var/www/html/student/wp-blog-header.php(19): require_once('/var/www/html/s...')
#6 /var/www/html/student/index.php(17): require('/var/www/html/s...')
#7 {main}
  thrown in /var/www/html/student/wp-content/themes/Student/header.php on line 47

2019-02-18T17:50:58+00:00 CRITICAL Uncaught Error: Call to a member function cart_contents_count() on null in /var/www/html/student/wp-content/themes/Student/header.php:47
Stack trace:
#0 /var/www/html/student/wp-includes/template.php(688): require_once()
#1 /var/www/html/student/wp-includes/template.php(647): load_template('/var/www/html/s...', true)
#2 /var/www/html/student/wp-includes/general-template.php(41): locate_template(Array, true)
#3 /var/www/html/student/wp-content/themes/Student/home.php(1): get_header()
#4 /var/www/html/student/wp-includes/template-loader.php(74): include('/var/www/html/s...')
#5 /var/www/html/student/wp-blog-header.php(19): require_once('/var/www/html/s...')
#6 /var/www/html/student/index.php(17): require('/var/www/html/s...')
#7 {main}
  thrown in /var/www/html/student/wp-content/themes/Student/header.php on line 47

2019-02-18T17:50:58+00:00 CRITICAL Uncaught Error: Call to a member function cart_contents_count() on null in /var/www/html/student/wp-content/themes/Student/header.php:47
Stack trace:
#0 /var/www/html/student/wp-includes/template.php(688): require_once()
#1 /var/www/html/student/wp-includes/template.php(647): load_template('/var/www/html/s...', true)
#2 /var/www/html/student/wp-includes/general-template.php(41): locate_template(Array, true)
#3 /var/www/html/student/wp-content/themes/Student/home.php(1): get_header()
#4 /var/www/html/student/wp-includes/template-loader.php(74): include('/var/www/html/s...')
#5 /var/www/html/student/wp-blog-header.php(19): require_once('/var/www/html/s...')
#6 /var/www/html/student/index.php(17): require('/var/www/html/s...')
#7 {main}
  thrown in /var/www/html/student/wp-content/themes/Student/header.php on line 47

2019-02-18T17:50:58+00:00 CRITICAL Uncaught Error: Call to a member function cart_contents_count() on null in /var/www/html/student/wp-content/themes/Student/header.php:47
Stack trace:
#0 /var/www/html/student/wp-includes/template.php(688): require_once()
#1 /var/www/html/student/wp-includes/template.php(647): load_template('/var/www/html/s...', true)
#2 /var/www/html/student/wp-includes/general-template.php(41): locate_template(Array, true)
#3 /var/www/html/student/wp-content/themes/Student/home.php(1): get_header()
#4 /var/www/html/student/wp-includes/template-loader.php(74): include('/var/www/html/s...')
#5 /var/www/html/student/wp-blog-header.php(19): require_once('/var/www/html/s...')
#6 /var/www/html/student/index.php(17): require('/var/www/html/s...')
#7 {main}
  thrown in /var/www/html/student/wp-content/themes/Student/header.php on line 47

2019-02-18T17:51:06+00:00 CRITICAL Uncaught Error: Call to a member function cart_contents_count() on null in /var/www/html/student/wp-content/themes/Student/header.php:47
Stack trace:
#0 /var/www/html/student/wp-includes/template.php(688): require_once()
#1 /var/www/html/student/wp-includes/template.php(647): load_template('/var/www/html/s...', true)
#2 /var/www/html/student/wp-includes/general-template.php(41): locate_template(Array, true)
#3 /var/www/html/student/wp-content/themes/Student/home.php(1): get_header()
#4 /var/www/html/student/wp-includes/template-loader.php(74): include('/var/www/html/s...')
#5 /var/www/html/student/wp-blog-header.php(19): require_once('/var/www/html/s...')
#6 /var/www/html/student/index.php(17): require('/var/www/html/s...')
#7 {main}
  thrown in /var/www/html/student/wp-content/themes/Student/header.php on line 47

2019-02-18T17:52:33+00:00 CRITICAL Uncaught Error: Call to a member function get_cart_url() on null in /var/www/html/student/wp-content/themes/Student/header.php:46
Stack trace:
#0 /var/www/html/student/wp-includes/template.php(688): require_once()
#1 /var/www/html/student/wp-includes/template.php(647): load_template('/var/www/html/s...', true)
#2 /var/www/html/student/wp-includes/general-template.php(41): locate_template(Array, true)
#3 /var/www/html/student/wp-content/themes/Student/home.php(1): get_header()
#4 /var/www/html/student/wp-includes/template-loader.php(74): include('/var/www/html/s...')
#5 /var/www/html/student/wp-blog-header.php(19): require_once('/var/www/html/s...')
#6 /var/www/html/student/index.php(17): require('/var/www/html/s...')
#7 {main}
  thrown in /var/www/html/student/wp-content/themes/Student/header.php on line 46

2019-02-18T17:54:52+00:00 CRITICAL Uncaught Error: Call to a member function cart_contents_count() on null in /var/www/html/student/wp-content/themes/Student/header.php:54
Stack trace:
#0 /var/www/html/student/wp-includes/template.php(688): require_once()
#1 /var/www/html/student/wp-includes/template.php(647): load_template('/var/www/html/s...', true)
#2 /var/www/html/student/wp-includes/general-template.php(41): locate_template(Array, true)
#3 /var/www/html/student/wp-content/themes/Student/home.php(1): get_header()
#4 /var/www/html/student/wp-includes/template-loader.php(74): include('/var/www/html/s...')
#5 /var/www/html/student/wp-blog-header.php(19): require_once('/var/www/html/s...')
#6 /var/www/html/student/index.php(17): require('/var/www/html/s...')
#7 {main}
  thrown in /var/www/html/student/wp-content/themes/Student/header.php on line 54

2019-02-18T17:55:06+00:00 CRITICAL Uncaught Error: Call to a member function cart_contents_count() on null in /var/www/html/student/wp-content/themes/Student/header.php:54
Stack trace:
#0 /var/www/html/student/wp-includes/template.php(688): require_once()
#1 /var/www/html/student/wp-includes/template.php(647): load_template('/var/www/html/s...', true)
#2 /var/www/html/student/wp-includes/general-template.php(41): locate_template(Array, true)
#3 /var/www/html/student/wp-content/themes/Student/home.php(1): get_header()
#4 /var/www/html/student/wp-includes/template-loader.php(74): include('/var/www/html/s...')
#5 /var/www/html/student/wp-blog-header.php(19): require_once('/var/www/html/s...')
#6 /var/www/html/student/index.php(17): require('/var/www/html/s...')
#7 {main}
  thrown in /var/www/html/student/wp-content/themes/Student/header.php on line 54

2019-02-18T18:31:00+00:00 CRITICAL Uncaught Error: Call to a member function get_items() on boolean in /var/www/html/student/wp-content/themes/Student/partials/banner.php:15
Stack trace:
#0 /var/www/html/student/wp-includes/template.php(690): require()
#1 /var/www/html/student/wp-includes/template.php(647): load_template('/var/www/html/s...', false)
#2 /var/www/html/student/wp-includes/general-template.php(155): locate_template(Array, true, false)
#3 /var/www/html/student/wp-content/themes/Student/home.php(4): get_template_part('partials/banner')
#4 /var/www/html/student/wp-includes/template-loader.php(74): include('/var/www/html/s...')
#5 /var/www/html/student/wp-blog-header.php(19): require_once('/var/www/html/s...')
#6 /var/www/html/student/index.php(17): require('/var/www/html/s...')
#7 {main}
  thrown in /var/www/html/student/wp-content/themes/Student/partials/banner.php on line 15

2019-02-18T18:31:12+00:00 CRITICAL Uncaught Error: Call to a member function get_items() on boolean in /var/www/html/student/wp-content/themes/Student/partials/banner.php:15
Stack trace:
#0 /var/www/html/student/wp-includes/template.php(690): require()
#1 /var/www/html/student/wp-includes/template.php(647): load_template('/var/www/html/s...', false)
#2 /var/www/html/student/wp-includes/general-template.php(155): locate_template(Array, true, false)
#3 /var/www/html/student/wp-content/themes/Student/home.php(4): get_template_part('partials/banner')
#4 /var/www/html/student/wp-includes/template-loader.php(74): include('/var/www/html/s...')
#5 /var/www/html/student/wp-blog-header.php(19): require_once('/var/www/html/s...')
#6 /var/www/html/student/index.php(17): require('/var/www/html/s...')
#7 {main}
  thrown in /var/www/html/student/wp-content/themes/Student/partials/banner.php on line 15

2019-02-18T18:32:05+00:00 CRITICAL Uncaught Error: Call to a member function get_items() on boolean in /var/www/html/student/wp-content/themes/Student/partials/banner.php:15
Stack trace:
#0 /var/www/html/student/wp-includes/template.php(690): require()
#1 /var/www/html/student/wp-includes/template.php(647): load_template('/var/www/html/s...', false)
#2 /var/www/html/student/wp-includes/general-template.php(155): locate_template(Array, true, false)
#3 /var/www/html/student/wp-content/themes/Student/home.php(4): get_template_part('partials/banner')
#4 /var/www/html/student/wp-includes/template-loader.php(74): include('/var/www/html/s...')
#5 /var/www/html/student/wp-blog-header.php(19): require_once('/var/www/html/s...')
#6 /var/www/html/student/index.php(17): require('/var/www/html/s...')
#7 {main}
  thrown in /var/www/html/student/wp-content/themes/Student/partials/banner.php on line 15

2019-02-18T18:32:16+00:00 CRITICAL Uncaught Error: Call to a member function get_items() on boolean in /var/www/html/student/wp-content/themes/Student/partials/banner.php:15
Stack trace:
#0 /var/www/html/student/wp-includes/template.php(690): require()
#1 /var/www/html/student/wp-includes/template.php(647): load_template('/var/www/html/s...', false)
#2 /var/www/html/student/wp-includes/general-template.php(155): locate_template(Array, true, false)
#3 /var/www/html/student/wp-content/themes/Student/home.php(4): get_template_part('partials/banner')
#4 /var/www/html/student/wp-includes/template-loader.php(74): include('/var/www/html/s...')
#5 /var/www/html/student/wp-blog-header.php(19): require_once('/var/www/html/s...')
#6 /var/www/html/student/index.php(17): require('/var/www/html/s...')
#7 {main}
  thrown in /var/www/html/student/wp-content/themes/Student/partials/banner.php on line 15

2019-02-18T18:32:28+00:00 CRITICAL Uncaught Error: Call to a member function get_items() on boolean in /var/www/html/student/wp-content/themes/Student/partials/banner.php:15
Stack trace:
#0 /var/www/html/student/wp-includes/template.php(690): require()
#1 /var/www/html/student/wp-includes/template.php(647): load_template('/var/www/html/s...', false)
#2 /var/www/html/student/wp-includes/general-template.php(155): locate_template(Array, true, false)
#3 /var/www/html/student/wp-content/themes/Student/home.php(4): get_template_part('partials/banner')
#4 /var/www/html/student/wp-includes/template-loader.php(74): include('/var/www/html/s...')
#5 /var/www/html/student/wp-blog-header.php(19): require_once('/var/www/html/s...')
#6 /var/www/html/student/index.php(17): require('/var/www/html/s...')
#7 {main}
  thrown in /var/www/html/student/wp-content/themes/Student/partials/banner.php on line 15

2019-02-18T18:32:28+00:00 CRITICAL Uncaught Error: Call to a member function get_items() on boolean in /var/www/html/student/wp-content/themes/Student/partials/banner.php:15
Stack trace:
#0 /var/www/html/student/wp-includes/template.php(690): require()
#1 /var/www/html/student/wp-includes/template.php(647): load_template('/var/www/html/s...', false)
#2 /var/www/html/student/wp-includes/general-template.php(155): locate_template(Array, true, false)
#3 /var/www/html/student/wp-content/themes/Student/home.php(4): get_template_part('partials/banner')
#4 /var/www/html/student/wp-includes/template-loader.php(74): include('/var/www/html/s...')
#5 /var/www/html/student/wp-blog-header.php(19): require_once('/var/www/html/s...')
#6 /var/www/html/student/index.php(17): require('/var/www/html/s...')
#7 {main}
  thrown in /var/www/html/student/wp-content/themes/Student/partials/banner.php on line 15

2019-02-18T18:32:28+00:00 CRITICAL Uncaught Error: Call to a member function get_items() on boolean in /var/www/html/student/wp-content/themes/Student/partials/banner.php:15
Stack trace:
#0 /var/www/html/student/wp-includes/template.php(690): require()
#1 /var/www/html/student/wp-includes/template.php(647): load_template('/var/www/html/s...', false)
#2 /var/www/html/student/wp-includes/general-template.php(155): locate_template(Array, true, false)
#3 /var/www/html/student/wp-content/themes/Student/home.php(4): get_template_part('partials/banner')
#4 /var/www/html/student/wp-includes/template-loader.php(74): include('/var/www/html/s...')
#5 /var/www/html/student/wp-blog-header.php(19): require_once('/var/www/html/s...')
#6 /var/www/html/student/index.php(17): require('/var/www/html/s...')
#7 {main}
  thrown in /var/www/html/student/wp-content/themes/Student/partials/banner.php on line 15

2019-02-18T18:33:00+00:00 CRITICAL Uncaught Error: Call to a member function get_items() on boolean in /var/www/html/student/wp-content/themes/Student/partials/banner.php:10
Stack trace:
#0 /var/www/html/student/wp-includes/template.php(690): require()
#1 /var/www/html/student/wp-includes/template.php(647): load_template('/var/www/html/s...', false)
#2 /var/www/html/student/wp-includes/general-template.php(155): locate_template(Array, true, false)
#3 /var/www/html/student/wp-content/themes/Student/home.php(4): get_template_part('partials/banner')
#4 /var/www/html/student/wp-includes/template-loader.php(74): include('/var/www/html/s...')
#5 /var/www/html/student/wp-blog-header.php(19): require_once('/var/www/html/s...')
#6 /var/www/html/student/index.php(17): require('/var/www/html/s...')
#7 {main}
  thrown in /var/www/html/student/wp-content/themes/Student/partials/banner.php on line 10

2019-02-18T18:45:48+00:00 CRITICAL Uncaught Error: Call to a member function get_items() on boolean in /var/www/html/student/wp-content/themes/Student/partials/banner.php:14
Stack trace:
#0 /var/www/html/student/wp-includes/template.php(690): require()
#1 /var/www/html/student/wp-includes/template.php(647): load_template('/var/www/html/s...', false)
#2 /var/www/html/student/wp-includes/general-template.php(155): locate_template(Array, true, false)
#3 /var/www/html/student/wp-content/themes/Student/home.php(4): get_template_part('partials/banner')
#4 /var/www/html/student/wp-includes/template-loader.php(74): include('/var/www/html/s...')
#5 /var/www/html/student/wp-blog-header.php(19): require_once('/var/www/html/s...')
#6 /var/www/html/student/index.php(17): require('/var/www/html/s...')
#7 {main}
  thrown in /var/www/html/student/wp-content/themes/Student/partials/banner.php on line 14

2019-02-18T18:46:37+00:00 CRITICAL Uncaught Error: Call to a member function get_items() on boolean in /var/www/html/student/wp-content/themes/Student/partials/banner.php:11
Stack trace:
#0 /var/www/html/student/wp-includes/template.php(690): require()
#1 /var/www/html/student/wp-includes/template.php(647): load_template('/var/www/html/s...', false)
#2 /var/www/html/student/wp-includes/general-template.php(155): locate_template(Array, true, false)
#3 /var/www/html/student/wp-content/themes/Student/home.php(4): get_template_part('partials/banner')
#4 /var/www/html/student/wp-includes/template-loader.php(74): include('/var/www/html/s...')
#5 /var/www/html/student/wp-blog-header.php(19): require_once('/var/www/html/s...')
#6 /var/www/html/student/index.php(17): require('/var/www/html/s...')
#7 {main}
  thrown in /var/www/html/student/wp-content/themes/Student/partials/banner.php on line 11

2019-02-18T18:48:56+00:00 CRITICAL Cannot redeclare get_the_ID() (previously declared in /var/www/html/student/wp-includes/post-template.php:28) in /var/www/html/student/wp-content/themes/Student/functions.php on line 74

2019-02-18T20:15:59+00:00 CRITICAL Object of class WP_Error could not be converted to string in /var/www/html/student/wp-content/themes/Student/partials/school.php on line 44

2019-02-18T20:16:29+00:00 CRITICAL Object of class WP_Error could not be converted to string in /var/www/html/student/wp-content/themes/Student/partials/school.php on line 44

