02-17-2019 @ 16:12:23 - ====Start Log====
cURL is not available. Sync aborted. Please contact your host to install cURL.
====End Log====


02-17-2019 @ 16:12:24 - ====Start Log====
cURL is not available. Sync aborted. Please contact your host to install cURL.
====End Log====


02-17-2019 @ 16:12:25 - ====Start Log====
cURL is not available. Sync aborted. Please contact your host to install cURL.
====End Log====


02-17-2019 @ 16:12:26 - ====Start Log====
cURL is not available. Sync aborted. Please contact your host to install cURL.
====End Log====


02-17-2019 @ 16:12:26 - ====Start Log====
cURL is not available. Sync aborted. Please contact your host to install cURL.
====End Log====


02-17-2019 @ 16:12:26 - ====Start Log====
cURL is not available. Sync aborted. Please contact your host to install cURL.
====End Log====


02-17-2019 @ 16:12:27 - ====Start Log====
cURL is not available. Sync aborted. Please contact your host to install cURL.
====End Log====


02-17-2019 @ 16:12:27 - ====Start Log====
cURL is not available. Sync aborted. Please contact your host to install cURL.
====End Log====


02-17-2019 @ 16:12:30 - ====Start Log====
cURL is not available. Sync aborted. Please contact your host to install cURL.
====End Log====


02-17-2019 @ 16:13:57 - ====Start Log====
cURL is not available. Sync aborted. Please contact your host to install cURL.
====End Log====


02-17-2019 @ 16:13:58 - ====Start Log====
cURL is not available. Sync aborted. Please contact your host to install cURL.
====End Log====


02-17-2019 @ 16:16:49 - ====Start Log====
cURL is not available. Sync aborted. Please contact your host to install cURL.
====End Log====


02-17-2019 @ 16:16:49 - ====Start Log====
cURL is not available. Sync aborted. Please contact your host to install cURL.
====End Log====


02-17-2019 @ 16:16:50 - ====Start Log====
cURL is not available. Sync aborted. Please contact your host to install cURL.
====End Log====


02-17-2019 @ 16:16:54 - ====Start Log====
cURL is not available. Sync aborted. Please contact your host to install cURL.
====End Log====


02-17-2019 @ 16:16:54 - ====Start Log====
cURL is not available. Sync aborted. Please contact your host to install cURL.
====End Log====


02-17-2019 @ 16:17:28 - ====Start Log====
cURL is not available. Sync aborted. Please contact your host to install cURL.
====End Log====


02-17-2019 @ 16:17:28 - ====Start Log====
cURL is not available. Sync aborted. Please contact your host to install cURL.
====End Log====


02-17-2019 @ 16:17:28 - ====Start Log====
cURL is not available. Sync aborted. Please contact your host to install cURL.
====End Log====


02-17-2019 @ 16:17:28 - ====Start Log====
cURL is not available. Sync aborted. Please contact your host to install cURL.
====End Log====


02-17-2019 @ 16:17:28 - ====Start Log====
cURL is not available. Sync aborted. Please contact your host to install cURL.
====End Log====


02-17-2019 @ 16:17:28 - ====Start Log====
cURL is not available. Sync aborted. Please contact your host to install cURL.
====End Log====


02-17-2019 @ 16:17:29 - ====Start Log====
cURL is not available. Sync aborted. Please contact your host to install cURL.
====End Log====


02-17-2019 @ 16:27:50 - ====Start Log====
cURL is not available. Sync aborted. Please contact your host to install cURL.
====End Log====


02-17-2019 @ 16:27:50 - ====Start Log====
cURL is not available. Sync aborted. Please contact your host to install cURL.
====End Log====


02-17-2019 @ 16:27:53 - ====Start Log====
cURL is not available. Sync aborted. Please contact your host to install cURL.
====End Log====


02-17-2019 @ 16:27:53 - ====Start Log====
cURL is not available. Sync aborted. Please contact your host to install cURL.
====End Log====


02-17-2019 @ 16:27:55 - ====Start Log====
cURL is not available. Sync aborted. Please contact your host to install cURL.
====End Log====


02-17-2019 @ 16:28:01 - ====Start Log====
cURL is not available. Sync aborted. Please contact your host to install cURL.
====End Log====


02-17-2019 @ 16:28:02 - ====Start Log====
cURL is not available. Sync aborted. Please contact your host to install cURL.
====End Log====


02-17-2019 @ 16:28:04 - ====Start Log====
cURL is not available. Sync aborted. Please contact your host to install cURL.
====End Log====


02-17-2019 @ 16:28:05 - ====Start Log====
cURL is not available. Sync aborted. Please contact your host to install cURL.
====End Log====


02-17-2019 @ 16:28:08 - ====Start Log====
cURL is not available. Sync aborted. Please contact your host to install cURL.
====End Log====


02-17-2019 @ 16:29:09 - ====Start Log====
cURL is not available. Sync aborted. Please contact your host to install cURL.
====End Log====


02-17-2019 @ 16:29:09 - ====Start Log====
cURL is not available. Sync aborted. Please contact your host to install cURL.
====End Log====


02-17-2019 @ 16:29:37 - ====Start Log====
cURL is not available. Sync aborted. Please contact your host to install cURL.
====End Log====


02-17-2019 @ 16:29:37 - ====Start Log====
cURL is not available. Sync aborted. Please contact your host to install cURL.
====End Log====


02-17-2019 @ 16:29:55 - ====Start Log====
cURL is not available. Sync aborted. Please contact your host to install cURL.
====End Log====


02-17-2019 @ 16:30:53 - ====Start Log====
cURL is not available. Sync aborted. Please contact your host to install cURL.
====End Log====


02-17-2019 @ 16:30:53 - ====Start Log====
cURL is not available. Sync aborted. Please contact your host to install cURL.
====End Log====


02-17-2019 @ 16:30:53 - ====Start Log====
cURL is not available. Sync aborted. Please contact your host to install cURL.
====End Log====


02-17-2019 @ 16:30:54 - ====Start Log====
cURL is not available. Sync aborted. Please contact your host to install cURL.
====End Log====


02-17-2019 @ 16:30:54 - ====Start Log====
cURL is not available. Sync aborted. Please contact your host to install cURL.
====End Log====


02-17-2019 @ 16:30:54 - ====Start Log====
cURL is not available. Sync aborted. Please contact your host to install cURL.
====End Log====


02-17-2019 @ 16:30:54 - ====Start Log====
cURL is not available. Sync aborted. Please contact your host to install cURL.
====End Log====


02-17-2019 @ 16:30:54 - ====Start Log====
cURL is not available. Sync aborted. Please contact your host to install cURL.
====End Log====


02-17-2019 @ 16:30:54 - ====Start Log====
cURL is not available. Sync aborted. Please contact your host to install cURL.
====End Log====


02-17-2019 @ 16:30:56 - ====Start Log====
cURL is not available. Sync aborted. Please contact your host to install cURL.
====End Log====


02-17-2019 @ 16:31:11 - ====Start Log====
cURL is not available. Sync aborted. Please contact your host to install cURL.
====End Log====


02-17-2019 @ 16:31:12 - ====Start Log====
cURL is not available. Sync aborted. Please contact your host to install cURL.
====End Log====


02-17-2019 @ 16:31:25 - ====Start Log====
cURL is not available. Sync aborted. Please contact your host to install cURL.
====End Log====


02-17-2019 @ 16:31:41 - ====Start Log====
cURL is not available. Sync aborted. Please contact your host to install cURL.
====End Log====


02-17-2019 @ 16:31:41 - ====Start Log====
cURL is not available. Sync aborted. Please contact your host to install cURL.
====End Log====


02-17-2019 @ 16:31:43 - ====Start Log====
cURL is not available. Sync aborted. Please contact your host to install cURL.
====End Log====


02-17-2019 @ 16:31:58 - ====Start Log====
cURL is not available. Sync aborted. Please contact your host to install cURL.
====End Log====


02-17-2019 @ 16:31:59 - ====Start Log====
cURL is not available. Sync aborted. Please contact your host to install cURL.
====End Log====


02-17-2019 @ 16:31:59 - ====Start Log====
cURL is not available. Sync aborted. Please contact your host to install cURL.
====End Log====


02-17-2019 @ 16:32:04 - ====Start Log====
cURL is not available. Sync aborted. Please contact your host to install cURL.
====End Log====


02-17-2019 @ 16:32:04 - ====Start Log====
cURL is not available. Sync aborted. Please contact your host to install cURL.
====End Log====


02-17-2019 @ 16:32:04 - ====Start Log====
cURL is not available. Sync aborted. Please contact your host to install cURL.
====End Log====


02-17-2019 @ 16:32:19 - ====Start Log====
cURL is not available. Sync aborted. Please contact your host to install cURL.
====End Log====


02-17-2019 @ 16:32:34 - ====Start Log====
cURL is not available. Sync aborted. Please contact your host to install cURL.
====End Log====


02-17-2019 @ 16:32:34 - ====Start Log====
cURL is not available. Sync aborted. Please contact your host to install cURL.
====End Log====


02-17-2019 @ 16:32:49 - ====Start Log====
cURL is not available. Sync aborted. Please contact your host to install cURL.
====End Log====


02-17-2019 @ 16:33:05 - ====Start Log====
cURL is not available. Sync aborted. Please contact your host to install cURL.
====End Log====


02-17-2019 @ 16:33:19 - ====Start Log====
cURL is not available. Sync aborted. Please contact your host to install cURL.
====End Log====


02-17-2019 @ 16:33:34 - ====Start Log====
cURL is not available. Sync aborted. Please contact your host to install cURL.
====End Log====


02-17-2019 @ 16:33:34 - ====Start Log====
cURL is not available. Sync aborted. Please contact your host to install cURL.
====End Log====


02-17-2019 @ 16:33:49 - ====Start Log====
cURL is not available. Sync aborted. Please contact your host to install cURL.
====End Log====


02-17-2019 @ 16:34:04 - ====Start Log====
cURL is not available. Sync aborted. Please contact your host to install cURL.
====End Log====


02-17-2019 @ 16:34:10 - ====Start Log====
cURL is not available. Sync aborted. Please contact your host to install cURL.
====End Log====


02-17-2019 @ 16:34:16 - ====Start Log====
cURL is not available. Sync aborted. Please contact your host to install cURL.
====End Log====


02-17-2019 @ 16:34:16 - ====Start Log====
cURL is not available. Sync aborted. Please contact your host to install cURL.
====End Log====


02-17-2019 @ 16:35:16 - ====Start Log====
cURL is not available. Sync aborted. Please contact your host to install cURL.
====End Log====


02-17-2019 @ 16:35:17 - ====Start Log====
cURL is not available. Sync aborted. Please contact your host to install cURL.
====End Log====


02-17-2019 @ 16:36:16 - ====Start Log====
cURL is not available. Sync aborted. Please contact your host to install cURL.
====End Log====


02-17-2019 @ 16:36:17 - ====Start Log====
cURL is not available. Sync aborted. Please contact your host to install cURL.
====End Log====


02-17-2019 @ 16:38:17 - ====Start Log====
cURL is not available. Sync aborted. Please contact your host to install cURL.
====End Log====


02-17-2019 @ 16:38:17 - ====Start Log====
cURL is not available. Sync aborted. Please contact your host to install cURL.
====End Log====


02-17-2019 @ 16:39:28 - ====Start Log====
cURL is not available. Sync aborted. Please contact your host to install cURL.
====End Log====


02-17-2019 @ 16:39:28 - ====Start Log====
cURL is not available. Sync aborted. Please contact your host to install cURL.
====End Log====


02-17-2019 @ 16:40:29 - ====Start Log====
cURL is not available. Sync aborted. Please contact your host to install cURL.
====End Log====


02-17-2019 @ 16:40:29 - ====Start Log====
cURL is not available. Sync aborted. Please contact your host to install cURL.
====End Log====


02-17-2019 @ 16:41:30 - ====Start Log====
cURL is not available. Sync aborted. Please contact your host to install cURL.
====End Log====


02-17-2019 @ 16:41:30 - ====Start Log====
cURL is not available. Sync aborted. Please contact your host to install cURL.
====End Log====


02-17-2019 @ 16:43:04 - ====Start Log====
cURL is not available. Sync aborted. Please contact your host to install cURL.
====End Log====


02-17-2019 @ 16:43:04 - ====Start Log====
cURL is not available. Sync aborted. Please contact your host to install cURL.
====End Log====


02-17-2019 @ 16:43:06 - ====Start Log====
cURL is not available. Sync aborted. Please contact your host to install cURL.
====End Log====


02-17-2019 @ 16:43:06 - ====Start Log====
cURL is not available. Sync aborted. Please contact your host to install cURL.
====End Log====


02-17-2019 @ 16:43:06 - ====Start Log====
cURL is not available. Sync aborted. Please contact your host to install cURL.
====End Log====


02-17-2019 @ 16:43:35 - ====Start Log====
cURL is not available. Sync aborted. Please contact your host to install cURL.
====End Log====


02-17-2019 @ 16:43:35 - ====Start Log====
cURL is not available. Sync aborted. Please contact your host to install cURL.
====End Log====


02-17-2019 @ 16:43:37 - ====Start Log====
cURL is not available. Sync aborted. Please contact your host to install cURL.
====End Log====


02-17-2019 @ 16:44:37 - ====Start Log====
cURL is not available. Sync aborted. Please contact your host to install cURL.
====End Log====


02-17-2019 @ 16:44:37 - ====Start Log====
cURL is not available. Sync aborted. Please contact your host to install cURL.
====End Log====


02-17-2019 @ 16:44:39 - ====Start Log====
cURL is not available. Sync aborted. Please contact your host to install cURL.
====End Log====


02-17-2019 @ 16:44:39 - ====Start Log====
cURL is not available. Sync aborted. Please contact your host to install cURL.
====End Log====


02-17-2019 @ 16:44:45 - ====Start Log====
cURL is not available. Sync aborted. Please contact your host to install cURL.
====End Log====


02-17-2019 @ 16:44:45 - ====Start Log====
cURL is not available. Sync aborted. Please contact your host to install cURL.
====End Log====


02-17-2019 @ 16:44:57 - ====Start Log====
cURL is not available. Sync aborted. Please contact your host to install cURL.
====End Log====


02-17-2019 @ 16:44:58 - ====Start Log====
cURL is not available. Sync aborted. Please contact your host to install cURL.
====End Log====


02-17-2019 @ 16:45:34 - ====Start Log====
cURL is not available. Sync aborted. Please contact your host to install cURL.
====End Log====


02-17-2019 @ 16:45:34 - ====Start Log====
cURL is not available. Sync aborted. Please contact your host to install cURL.
====End Log====


02-17-2019 @ 16:45:34 - ====Start Log====
cURL is not available. Sync aborted. Please contact your host to install cURL.
====End Log====


02-17-2019 @ 16:45:36 - ====Start Log====
cURL is not available. Sync aborted. Please contact your host to install cURL.
====End Log====


02-17-2019 @ 16:45:36 - ====Start Log====
cURL is not available. Sync aborted. Please contact your host to install cURL.
====End Log====


02-17-2019 @ 16:45:37 - ====Start Log====
cURL is not available. Sync aborted. Please contact your host to install cURL.
====End Log====


02-17-2019 @ 16:45:38 - ====Start Log====
cURL is not available. Sync aborted. Please contact your host to install cURL.
====End Log====


02-17-2019 @ 16:45:38 - ====Start Log====
cURL is not available. Sync aborted. Please contact your host to install cURL.
====End Log====


02-17-2019 @ 16:45:38 - ====Start Log====
cURL is not available. Sync aborted. Please contact your host to install cURL.
====End Log====


02-17-2019 @ 16:45:38 - ====Start Log====
cURL is not available. Sync aborted. Please contact your host to install cURL.
====End Log====


02-17-2019 @ 16:46:44 - ====Start Log====
cURL is not available. Sync aborted. Please contact your host to install cURL.
====End Log====


02-17-2019 @ 16:46:44 - ====Start Log====
cURL is not available. Sync aborted. Please contact your host to install cURL.
====End Log====


02-17-2019 @ 16:46:44 - ====Start Log====
cURL is not available. Sync aborted. Please contact your host to install cURL.
====End Log====


02-17-2019 @ 16:46:44 - ====Start Log====
cURL is not available. Sync aborted. Please contact your host to install cURL.
====End Log====


02-17-2019 @ 16:47:26 - ====Start Log====
cURL is not available. Sync aborted. Please contact your host to install cURL.
====End Log====


02-17-2019 @ 16:47:26 - ====Start Log====
cURL is not available. Sync aborted. Please contact your host to install cURL.
====End Log====


02-17-2019 @ 16:47:26 - ====Start Log====
cURL is not available. Sync aborted. Please contact your host to install cURL.
====End Log====


02-17-2019 @ 16:47:26 - ====Start Log====
cURL is not available. Sync aborted. Please contact your host to install cURL.
====End Log====


02-17-2019 @ 16:47:26 - ====Start Log====
cURL is not available. Sync aborted. Please contact your host to install cURL.
====End Log====


02-17-2019 @ 16:47:26 - ====Start Log====
cURL is not available. Sync aborted. Please contact your host to install cURL.
====End Log====


02-17-2019 @ 16:47:26 - ====Start Log====
cURL is not available. Sync aborted. Please contact your host to install cURL.
====End Log====


02-17-2019 @ 16:47:26 - ====Start Log====
cURL is not available. Sync aborted. Please contact your host to install cURL.
====End Log====


02-17-2019 @ 16:47:26 - ====Start Log====
cURL is not available. Sync aborted. Please contact your host to install cURL.
====End Log====


02-17-2019 @ 16:47:26 - ====Start Log====
cURL is not available. Sync aborted. Please contact your host to install cURL.
====End Log====


02-17-2019 @ 16:47:27 - ====Start Log====
cURL is not available. Sync aborted. Please contact your host to install cURL.
====End Log====


02-17-2019 @ 16:47:27 - ====Start Log====
cURL is not available. Sync aborted. Please contact your host to install cURL.
====End Log====


02-17-2019 @ 16:47:27 - ====Start Log====
cURL is not available. Sync aborted. Please contact your host to install cURL.
====End Log====


02-17-2019 @ 16:47:27 - ====Start Log====
cURL is not available. Sync aborted. Please contact your host to install cURL.
====End Log====


02-17-2019 @ 16:47:27 - ====Start Log====
cURL is not available. Sync aborted. Please contact your host to install cURL.
====End Log====


02-17-2019 @ 16:47:27 - ====Start Log====
cURL is not available. Sync aborted. Please contact your host to install cURL.
====End Log====


02-17-2019 @ 16:47:27 - ====Start Log====
cURL is not available. Sync aborted. Please contact your host to install cURL.
====End Log====


02-17-2019 @ 16:47:27 - ====Start Log====
cURL is not available. Sync aborted. Please contact your host to install cURL.
====End Log====


02-17-2019 @ 16:47:27 - ====Start Log====
cURL is not available. Sync aborted. Please contact your host to install cURL.
====End Log====


02-17-2019 @ 16:47:27 - ====Start Log====
cURL is not available. Sync aborted. Please contact your host to install cURL.
====End Log====


02-17-2019 @ 16:47:28 - ====Start Log====
cURL is not available. Sync aborted. Please contact your host to install cURL.
====End Log====


02-17-2019 @ 16:47:28 - ====Start Log====
cURL is not available. Sync aborted. Please contact your host to install cURL.
====End Log====


02-17-2019 @ 16:47:28 - ====Start Log====
cURL is not available. Sync aborted. Please contact your host to install cURL.
====End Log====


02-17-2019 @ 16:47:28 - ====Start Log====
cURL is not available. Sync aborted. Please contact your host to install cURL.
====End Log====


02-17-2019 @ 16:47:28 - ====Start Log====
cURL is not available. Sync aborted. Please contact your host to install cURL.
====End Log====


02-17-2019 @ 16:47:28 - ====Start Log====
cURL is not available. Sync aborted. Please contact your host to install cURL.
====End Log====


02-17-2019 @ 16:47:28 - ====Start Log====
cURL is not available. Sync aborted. Please contact your host to install cURL.
====End Log====


02-17-2019 @ 16:47:28 - ====Start Log====
cURL is not available. Sync aborted. Please contact your host to install cURL.
====End Log====


02-17-2019 @ 16:47:28 - ====Start Log====
cURL is not available. Sync aborted. Please contact your host to install cURL.
====End Log====


02-17-2019 @ 16:47:29 - ====Start Log====
cURL is not available. Sync aborted. Please contact your host to install cURL.
====End Log====


02-17-2019 @ 16:47:29 - ====Start Log====
cURL is not available. Sync aborted. Please contact your host to install cURL.
====End Log====


02-17-2019 @ 16:47:29 - ====Start Log====
cURL is not available. Sync aborted. Please contact your host to install cURL.
====End Log====


02-17-2019 @ 16:47:29 - ====Start Log====
cURL is not available. Sync aborted. Please contact your host to install cURL.
====End Log====


02-17-2019 @ 16:47:29 - ====Start Log====
cURL is not available. Sync aborted. Please contact your host to install cURL.
====End Log====


02-17-2019 @ 16:47:29 - ====Start Log====
cURL is not available. Sync aborted. Please contact your host to install cURL.
====End Log====


02-17-2019 @ 16:47:29 - ====Start Log====
cURL is not available. Sync aborted. Please contact your host to install cURL.
====End Log====


02-17-2019 @ 16:47:29 - ====Start Log====
cURL is not available. Sync aborted. Please contact your host to install cURL.
====End Log====


02-17-2019 @ 16:47:29 - ====Start Log====
cURL is not available. Sync aborted. Please contact your host to install cURL.
====End Log====


02-17-2019 @ 16:47:30 - ====Start Log====
cURL is not available. Sync aborted. Please contact your host to install cURL.
====End Log====


02-17-2019 @ 16:47:30 - ====Start Log====
cURL is not available. Sync aborted. Please contact your host to install cURL.
====End Log====


02-17-2019 @ 16:47:30 - ====Start Log====
cURL is not available. Sync aborted. Please contact your host to install cURL.
====End Log====


02-17-2019 @ 16:47:30 - ====Start Log====
cURL is not available. Sync aborted. Please contact your host to install cURL.
====End Log====


02-17-2019 @ 16:47:30 - ====Start Log====
cURL is not available. Sync aborted. Please contact your host to install cURL.
====End Log====


02-17-2019 @ 16:47:30 - ====Start Log====
cURL is not available. Sync aborted. Please contact your host to install cURL.
====End Log====


02-17-2019 @ 16:47:30 - ====Start Log====
cURL is not available. Sync aborted. Please contact your host to install cURL.
====End Log====


02-17-2019 @ 16:47:30 - ====Start Log====
cURL is not available. Sync aborted. Please contact your host to install cURL.
====End Log====


02-17-2019 @ 16:47:40 - ====Start Log====
cURL is not available. Sync aborted. Please contact your host to install cURL.
====End Log====


02-17-2019 @ 16:47:40 - ====Start Log====
cURL is not available. Sync aborted. Please contact your host to install cURL.
====End Log====


02-17-2019 @ 17:13:32 - ====Start Log====
cURL is not available. Sync aborted. Please contact your host to install cURL.
====End Log====


02-17-2019 @ 17:13:32 - ====Start Log====
cURL is not available. Sync aborted. Please contact your host to install cURL.
====End Log====


02-17-2019 @ 17:13:33 - ====Start Log====
cURL is not available. Sync aborted. Please contact your host to install cURL.
====End Log====


02-17-2019 @ 17:13:33 - ====Start Log====
cURL is not available. Sync aborted. Please contact your host to install cURL.
====End Log====


02-17-2019 @ 17:14:26 - ====Start Log====
cURL is not available. Sync aborted. Please contact your host to install cURL.
====End Log====


02-17-2019 @ 17:14:27 - ====Start Log====
cURL is not available. Sync aborted. Please contact your host to install cURL.
====End Log====


02-17-2019 @ 17:14:27 - ====Start Log====
cURL is not available. Sync aborted. Please contact your host to install cURL.
====End Log====


02-17-2019 @ 17:14:27 - ====Start Log====
cURL is not available. Sync aborted. Please contact your host to install cURL.
====End Log====


02-17-2019 @ 17:14:40 - ====Start Log====
cURL is not available. Sync aborted. Please contact your host to install cURL.
====End Log====


02-17-2019 @ 17:14:40 - ====Start Log====
cURL is not available. Sync aborted. Please contact your host to install cURL.
====End Log====


02-17-2019 @ 17:14:40 - ====Start Log====
cURL is not available. Sync aborted. Please contact your host to install cURL.
====End Log====


02-17-2019 @ 17:14:40 - ====Start Log====
cURL is not available. Sync aborted. Please contact your host to install cURL.
====End Log====


02-17-2019 @ 18:40:22 - ====Start Log====
cURL is not available. Sync aborted. Please contact your host to install cURL.
====End Log====


02-17-2019 @ 18:40:22 - ====Start Log====
cURL is not available. Sync aborted. Please contact your host to install cURL.
====End Log====


02-17-2019 @ 18:40:23 - ====Start Log====
cURL is not available. Sync aborted. Please contact your host to install cURL.
====End Log====


02-17-2019 @ 18:40:23 - ====Start Log====
cURL is not available. Sync aborted. Please contact your host to install cURL.
====End Log====


02-17-2019 @ 18:41:05 - ====Start Log====
cURL is not available. Sync aborted. Please contact your host to install cURL.
====End Log====


02-17-2019 @ 18:41:05 - ====Start Log====
cURL is not available. Sync aborted. Please contact your host to install cURL.
====End Log====


02-17-2019 @ 18:41:05 - ====Start Log====
cURL is not available. Sync aborted. Please contact your host to install cURL.
====End Log====


02-17-2019 @ 18:41:05 - ====Start Log====
cURL is not available. Sync aborted. Please contact your host to install cURL.
====End Log====


02-17-2019 @ 18:42:09 - ====Start Log====
cURL is not available. Sync aborted. Please contact your host to install cURL.
====End Log====


02-17-2019 @ 18:42:09 - ====Start Log====
cURL is not available. Sync aborted. Please contact your host to install cURL.
====End Log====


02-17-2019 @ 18:42:10 - ====Start Log====
cURL is not available. Sync aborted. Please contact your host to install cURL.
====End Log====


02-17-2019 @ 18:42:14 - ====Start Log====
cURL is not available. Sync aborted. Please contact your host to install cURL.
====End Log====


02-17-2019 @ 18:42:15 - ====Start Log====
cURL is not available. Sync aborted. Please contact your host to install cURL.
====End Log====


02-17-2019 @ 18:42:15 - ====Start Log====
cURL is not available. Sync aborted. Please contact your host to install cURL.
====End Log====


02-17-2019 @ 18:42:15 - ====Start Log====
cURL is not available. Sync aborted. Please contact your host to install cURL.
====End Log====


02-17-2019 @ 18:42:29 - ====Start Log====
cURL is not available. Sync aborted. Please contact your host to install cURL.
====End Log====


02-17-2019 @ 18:42:29 - ====Start Log====
cURL is not available. Sync aborted. Please contact your host to install cURL.
====End Log====


02-17-2019 @ 18:42:37 - ====Start Log====
cURL is not available. Sync aborted. Please contact your host to install cURL.
====End Log====


02-17-2019 @ 18:42:37 - ====Start Log====
cURL is not available. Sync aborted. Please contact your host to install cURL.
====End Log====


02-17-2019 @ 18:42:37 - ====Start Log====
cURL is not available. Sync aborted. Please contact your host to install cURL.
====End Log====


02-17-2019 @ 18:42:39 - ====Start Log====
cURL is not available. Sync aborted. Please contact your host to install cURL.
====End Log====


02-17-2019 @ 18:42:39 - ====Start Log====
cURL is not available. Sync aborted. Please contact your host to install cURL.
====End Log====


02-17-2019 @ 18:42:40 - ====Start Log====
cURL is not available. Sync aborted. Please contact your host to install cURL.
====End Log====


02-17-2019 @ 18:42:40 - ====Start Log====
cURL is not available. Sync aborted. Please contact your host to install cURL.
====End Log====


02-17-2019 @ 18:46:59 - ====Start Log====
cURL is not available. Sync aborted. Please contact your host to install cURL.
====End Log====


02-17-2019 @ 18:46:59 - ====Start Log====
cURL is not available. Sync aborted. Please contact your host to install cURL.
====End Log====


02-17-2019 @ 18:47:01 - ====Start Log====
cURL is not available. Sync aborted. Please contact your host to install cURL.
====End Log====


02-17-2019 @ 18:47:01 - ====Start Log====
cURL is not available. Sync aborted. Please contact your host to install cURL.
====End Log====


02-17-2019 @ 18:47:01 - ====Start Log====
cURL is not available. Sync aborted. Please contact your host to install cURL.
====End Log====


02-17-2019 @ 18:47:01 - ====Start Log====
cURL is not available. Sync aborted. Please contact your host to install cURL.
====End Log====


02-17-2019 @ 18:48:18 - ====Start Log====
cURL is not available. Sync aborted. Please contact your host to install cURL.
====End Log====


02-17-2019 @ 18:48:18 - ====Start Log====
cURL is not available. Sync aborted. Please contact your host to install cURL.
====End Log====


02-17-2019 @ 18:48:19 - ====Start Log====
cURL is not available. Sync aborted. Please contact your host to install cURL.
====End Log====


02-17-2019 @ 18:48:29 - ====Start Log====
cURL is not available. Sync aborted. Please contact your host to install cURL.
====End Log====


02-17-2019 @ 18:48:42 - ====Start Log====
cURL is not available. Sync aborted. Please contact your host to install cURL.
====End Log====


02-17-2019 @ 18:48:43 - ====Start Log====
cURL is not available. Sync aborted. Please contact your host to install cURL.
====End Log====


02-17-2019 @ 18:49:30 - ====Start Log====
cURL is not available. Sync aborted. Please contact your host to install cURL.
====End Log====


02-17-2019 @ 18:49:30 - ====Start Log====
cURL is not available. Sync aborted. Please contact your host to install cURL.
====End Log====


02-17-2019 @ 18:49:36 - ====Start Log====
cURL is not available. Sync aborted. Please contact your host to install cURL.
====End Log====


02-17-2019 @ 18:49:36 - ====Start Log====
cURL is not available. Sync aborted. Please contact your host to install cURL.
====End Log====


02-17-2019 @ 18:49:41 - ====Start Log====
cURL is not available. Sync aborted. Please contact your host to install cURL.
====End Log====


02-17-2019 @ 18:49:41 - ====Start Log====
cURL is not available. Sync aborted. Please contact your host to install cURL.
====End Log====


02-17-2019 @ 18:49:41 - ====Start Log====
cURL is not available. Sync aborted. Please contact your host to install cURL.
====End Log====


02-17-2019 @ 18:49:41 - ====Start Log====
cURL is not available. Sync aborted. Please contact your host to install cURL.
====End Log====


02-17-2019 @ 18:49:51 - ====Start Log====
cURL is not available. Sync aborted. Please contact your host to install cURL.
====End Log====


02-17-2019 @ 18:49:51 - ====Start Log====
cURL is not available. Sync aborted. Please contact your host to install cURL.
====End Log====


02-17-2019 @ 18:49:51 - ====Start Log====
cURL is not available. Sync aborted. Please contact your host to install cURL.
====End Log====


02-17-2019 @ 18:49:51 - ====Start Log====
cURL is not available. Sync aborted. Please contact your host to install cURL.
====End Log====


02-17-2019 @ 18:50:24 - ====Start Log====
cURL is not available. Sync aborted. Please contact your host to install cURL.
====End Log====


02-17-2019 @ 18:50:29 - ====Start Log====
cURL is not available. Sync aborted. Please contact your host to install cURL.
====End Log====


02-17-2019 @ 18:50:29 - ====Start Log====
cURL is not available. Sync aborted. Please contact your host to install cURL.
====End Log====


02-17-2019 @ 18:50:29 - ====Start Log====
cURL is not available. Sync aborted. Please contact your host to install cURL.
====End Log====


02-17-2019 @ 18:50:30 - ====Start Log====
cURL is not available. Sync aborted. Please contact your host to install cURL.
====End Log====


02-17-2019 @ 18:51:30 - ====Start Log====
cURL is not available. Sync aborted. Please contact your host to install cURL.
====End Log====


02-17-2019 @ 18:51:30 - ====Start Log====
cURL is not available. Sync aborted. Please contact your host to install cURL.
====End Log====


02-17-2019 @ 18:51:55 - ====Start Log====
cURL is not available. Sync aborted. Please contact your host to install cURL.
====End Log====


02-17-2019 @ 18:51:55 - ====Start Log====
cURL is not available. Sync aborted. Please contact your host to install cURL.
====End Log====


02-17-2019 @ 18:51:58 - ====Start Log====
cURL is not available. Sync aborted. Please contact your host to install cURL.
====End Log====


02-17-2019 @ 18:52:02 - ====Start Log====
cURL is not available. Sync aborted. Please contact your host to install cURL.
====End Log====


02-17-2019 @ 18:52:02 - ====Start Log====
cURL is not available. Sync aborted. Please contact your host to install cURL.
====End Log====


02-17-2019 @ 18:52:02 - ====Start Log====
cURL is not available. Sync aborted. Please contact your host to install cURL.
====End Log====


02-17-2019 @ 18:52:02 - ====Start Log====
cURL is not available. Sync aborted. Please contact your host to install cURL.
====End Log====


02-17-2019 @ 18:52:02 - ====Start Log====
cURL is not available. Sync aborted. Please contact your host to install cURL.
====End Log====


02-17-2019 @ 18:52:04 - ====Start Log====
cURL is not available. Sync aborted. Please contact your host to install cURL.
====End Log====


02-17-2019 @ 18:52:04 - ====Start Log====
cURL is not available. Sync aborted. Please contact your host to install cURL.
====End Log====


02-17-2019 @ 18:52:04 - ====Start Log====
cURL is not available. Sync aborted. Please contact your host to install cURL.
====End Log====


02-17-2019 @ 18:52:16 - ====Start Log====
cURL is not available. Sync aborted. Please contact your host to install cURL.
====End Log====


02-17-2019 @ 18:52:34 - ====Start Log====
cURL is not available. Sync aborted. Please contact your host to install cURL.
====End Log====


02-17-2019 @ 18:52:35 - ====Start Log====
cURL is not available. Sync aborted. Please contact your host to install cURL.
====End Log====


02-17-2019 @ 18:52:36 - ====Start Log====
cURL is not available. Sync aborted. Please contact your host to install cURL.
====End Log====


02-17-2019 @ 18:52:49 - ====Start Log====
cURL is not available. Sync aborted. Please contact your host to install cURL.
====End Log====


02-17-2019 @ 18:52:51 - ====Start Log====
cURL is not available. Sync aborted. Please contact your host to install cURL.
====End Log====


02-17-2019 @ 18:52:52 - ====Start Log====
cURL is not available. Sync aborted. Please contact your host to install cURL.
====End Log====


02-17-2019 @ 18:52:53 - ====Start Log====
cURL is not available. Sync aborted. Please contact your host to install cURL.
====End Log====


02-17-2019 @ 18:52:53 - ====Start Log====
cURL is not available. Sync aborted. Please contact your host to install cURL.
====End Log====


02-17-2019 @ 18:54:51 - ====Start Log====
cURL is not available. Sync aborted. Please contact your host to install cURL.
====End Log====


02-17-2019 @ 18:54:51 - ====Start Log====
cURL is not available. Sync aborted. Please contact your host to install cURL.
====End Log====


02-17-2019 @ 18:54:51 - ====Start Log====
[WC -> Square] Skipping WC Product 43 since it has no SKUs.
====End Log====


02-17-2019 @ 18:55:01 - ====Start Log====
cURL is not available. Sync aborted. Please contact your host to install cURL.
====End Log====


02-17-2019 @ 18:55:01 - ====Start Log====
cURL is not available. Sync aborted. Please contact your host to install cURL.
====End Log====


02-17-2019 @ 18:55:01 - ====Start Log====
cURL is not available. Sync aborted. Please contact your host to install cURL.
====End Log====


02-17-2019 @ 18:55:17 - ====Start Log====
cURL is not available. Sync aborted. Please contact your host to install cURL.
====End Log====


02-17-2019 @ 18:55:17 - ====Start Log====
cURL is not available. Sync aborted. Please contact your host to install cURL.
====End Log====


02-17-2019 @ 18:55:25 - ====Start Log====
cURL is not available. Sync aborted. Please contact your host to install cURL.
====End Log====


02-17-2019 @ 18:55:25 - ====Start Log====
cURL is not available. Sync aborted. Please contact your host to install cURL.
====End Log====


02-17-2019 @ 18:55:31 - ====Start Log====
cURL is not available. Sync aborted. Please contact your host to install cURL.
====End Log====


02-17-2019 @ 18:55:31 - ====Start Log====
cURL is not available. Sync aborted. Please contact your host to install cURL.
====End Log====


02-17-2019 @ 18:55:32 - ====Start Log====
cURL is not available. Sync aborted. Please contact your host to install cURL.
====End Log====


02-17-2019 @ 18:55:41 - ====Start Log====
cURL is not available. Sync aborted. Please contact your host to install cURL.
====End Log====


02-17-2019 @ 18:55:42 - ====Start Log====
cURL is not available. Sync aborted. Please contact your host to install cURL.
====End Log====


02-17-2019 @ 18:56:51 - ====Start Log====
cURL is not available. Sync aborted. Please contact your host to install cURL.
====End Log====


02-17-2019 @ 18:56:51 - ====Start Log====
cURL is not available. Sync aborted. Please contact your host to install cURL.
====End Log====


02-17-2019 @ 18:56:57 - ====Start Log====
cURL is not available. Sync aborted. Please contact your host to install cURL.
====End Log====


02-17-2019 @ 18:56:59 - ====Start Log====
cURL is not available. Sync aborted. Please contact your host to install cURL.
====End Log====


02-17-2019 @ 18:57:05 - ====Start Log====
cURL is not available. Sync aborted. Please contact your host to install cURL.
====End Log====


02-17-2019 @ 18:57:46 - ====Start Log====
cURL is not available. Sync aborted. Please contact your host to install cURL.
====End Log====


02-17-2019 @ 18:57:46 - ====Start Log====
cURL is not available. Sync aborted. Please contact your host to install cURL.
====End Log====


02-17-2019 @ 18:57:47 - ====Start Log====
cURL is not available. Sync aborted. Please contact your host to install cURL.
====End Log====


02-17-2019 @ 18:57:47 - ====Start Log====
cURL is not available. Sync aborted. Please contact your host to install cURL.
====End Log====


02-17-2019 @ 18:57:47 - ====Start Log====
cURL is not available. Sync aborted. Please contact your host to install cURL.
====End Log====


02-17-2019 @ 18:58:06 - ====Start Log====
cURL is not available. Sync aborted. Please contact your host to install cURL.
====End Log====


02-17-2019 @ 18:58:08 - ====Start Log====
cURL is not available. Sync aborted. Please contact your host to install cURL.
====End Log====


02-17-2019 @ 18:58:09 - ====Start Log====
cURL is not available. Sync aborted. Please contact your host to install cURL.
====End Log====


02-17-2019 @ 18:58:16 - ====Start Log====
cURL is not available. Sync aborted. Please contact your host to install cURL.
====End Log====


02-17-2019 @ 18:58:21 - ====Start Log====
cURL is not available. Sync aborted. Please contact your host to install cURL.
====End Log====


02-17-2019 @ 18:58:22 - ====Start Log====
cURL is not available. Sync aborted. Please contact your host to install cURL.
====End Log====


02-17-2019 @ 18:58:22 - ====Start Log====
cURL is not available. Sync aborted. Please contact your host to install cURL.
====End Log====


02-17-2019 @ 18:58:24 - ====Start Log====
cURL is not available. Sync aborted. Please contact your host to install cURL.
====End Log====


02-17-2019 @ 18:58:25 - ====Start Log====
cURL is not available. Sync aborted. Please contact your host to install cURL.
====End Log====


02-17-2019 @ 18:58:26 - ====Start Log====
cURL is not available. Sync aborted. Please contact your host to install cURL.
====End Log====


02-17-2019 @ 18:58:27 - ====Start Log====
cURL is not available. Sync aborted. Please contact your host to install cURL.
====End Log====


02-17-2019 @ 18:58:27 - ====Start Log====
cURL is not available. Sync aborted. Please contact your host to install cURL.
====End Log====


02-17-2019 @ 18:58:27 - ====Start Log====
cURL is not available. Sync aborted. Please contact your host to install cURL.
====End Log====


02-17-2019 @ 18:58:52 - ====Start Log====
cURL is not available. Sync aborted. Please contact your host to install cURL.
====End Log====


02-17-2019 @ 18:58:52 - ====Start Log====
cURL is not available. Sync aborted. Please contact your host to install cURL.
====End Log====


02-17-2019 @ 19:00:19 - ====Start Log====
cURL is not available. Sync aborted. Please contact your host to install cURL.
====End Log====


02-17-2019 @ 19:00:19 - ====Start Log====
cURL is not available. Sync aborted. Please contact your host to install cURL.
====End Log====


02-17-2019 @ 19:00:20 - ====Start Log====
[WC -> Square] Skipping WC Product 55 since it has no SKUs.
====End Log====


02-17-2019 @ 19:00:21 - ====Start Log====
cURL is not available. Sync aborted. Please contact your host to install cURL.
====End Log====


02-17-2019 @ 19:00:24 - ====Start Log====
cURL is not available. Sync aborted. Please contact your host to install cURL.
====End Log====


02-17-2019 @ 19:00:34 - ====Start Log====
cURL is not available. Sync aborted. Please contact your host to install cURL.
====End Log====


02-17-2019 @ 19:00:34 - ====Start Log====
cURL is not available. Sync aborted. Please contact your host to install cURL.
====End Log====


02-17-2019 @ 19:00:52 - ====Start Log====
cURL is not available. Sync aborted. Please contact your host to install cURL.
====End Log====


02-17-2019 @ 19:00:57 - ====Start Log====
cURL is not available. Sync aborted. Please contact your host to install cURL.
====End Log====


02-17-2019 @ 19:01:13 - ====Start Log====
cURL is not available. Sync aborted. Please contact your host to install cURL.
====End Log====


02-17-2019 @ 19:01:42 - ====Start Log====
cURL is not available. Sync aborted. Please contact your host to install cURL.
====End Log====


02-17-2019 @ 19:01:42 - ====Start Log====
cURL is not available. Sync aborted. Please contact your host to install cURL.
====End Log====


02-17-2019 @ 19:01:59 - ====Start Log====
cURL is not available. Sync aborted. Please contact your host to install cURL.
====End Log====


02-17-2019 @ 19:01:59 - ====Start Log====
cURL is not available. Sync aborted. Please contact your host to install cURL.
====End Log====


02-17-2019 @ 19:01:59 - ====Start Log====
cURL is not available. Sync aborted. Please contact your host to install cURL.
====End Log====


02-17-2019 @ 19:01:59 - ====Start Log====
cURL is not available. Sync aborted. Please contact your host to install cURL.
====End Log====


02-17-2019 @ 19:02:05 - ====Start Log====
cURL is not available. Sync aborted. Please contact your host to install cURL.
====End Log====


02-17-2019 @ 19:02:05 - ====Start Log====
cURL is not available. Sync aborted. Please contact your host to install cURL.
====End Log====


02-17-2019 @ 19:02:05 - ====Start Log====
cURL is not available. Sync aborted. Please contact your host to install cURL.
====End Log====


02-17-2019 @ 19:02:17 - ====Start Log====
cURL is not available. Sync aborted. Please contact your host to install cURL.
====End Log====


02-17-2019 @ 19:02:18 - ====Start Log====
cURL is not available. Sync aborted. Please contact your host to install cURL.
====End Log====


02-17-2019 @ 19:02:18 - ====Start Log====
cURL is not available. Sync aborted. Please contact your host to install cURL.
====End Log====


02-17-2019 @ 19:02:18 - ====Start Log====
cURL is not available. Sync aborted. Please contact your host to install cURL.
====End Log====


02-17-2019 @ 19:02:18 - ====Start Log====
cURL is not available. Sync aborted. Please contact your host to install cURL.
====End Log====


02-17-2019 @ 19:02:24 - ====Start Log====
cURL is not available. Sync aborted. Please contact your host to install cURL.
====End Log====


02-17-2019 @ 19:02:25 - ====Start Log====
cURL is not available. Sync aborted. Please contact your host to install cURL.
====End Log====


02-17-2019 @ 19:02:25 - ====Start Log====
cURL is not available. Sync aborted. Please contact your host to install cURL.
====End Log====


02-17-2019 @ 19:02:37 - ====Start Log====
cURL is not available. Sync aborted. Please contact your host to install cURL.
====End Log====


02-17-2019 @ 19:02:37 - ====Start Log====
cURL is not available. Sync aborted. Please contact your host to install cURL.
====End Log====


02-17-2019 @ 19:02:38 - ====Start Log====
cURL is not available. Sync aborted. Please contact your host to install cURL.
====End Log====


02-17-2019 @ 19:02:38 - ====Start Log====
cURL is not available. Sync aborted. Please contact your host to install cURL.
====End Log====


02-17-2019 @ 19:02:38 - ====Start Log====
cURL is not available. Sync aborted. Please contact your host to install cURL.
====End Log====


02-17-2019 @ 19:02:38 - ====Start Log====
cURL is not available. Sync aborted. Please contact your host to install cURL.
====End Log====


02-17-2019 @ 19:02:44 - ====Start Log====
cURL is not available. Sync aborted. Please contact your host to install cURL.
====End Log====


02-17-2019 @ 19:02:44 - ====Start Log====
cURL is not available. Sync aborted. Please contact your host to install cURL.
====End Log====


02-17-2019 @ 19:02:44 - ====Start Log====
cURL is not available. Sync aborted. Please contact your host to install cURL.
====End Log====


02-17-2019 @ 19:02:52 - ====Start Log====
cURL is not available. Sync aborted. Please contact your host to install cURL.
====End Log====


02-17-2019 @ 19:03:39 - ====Start Log====
cURL is not available. Sync aborted. Please contact your host to install cURL.
====End Log====


02-17-2019 @ 19:03:39 - ====Start Log====
cURL is not available. Sync aborted. Please contact your host to install cURL.
====End Log====


02-17-2019 @ 19:04:52 - ====Start Log====
cURL is not available. Sync aborted. Please contact your host to install cURL.
====End Log====


02-17-2019 @ 19:04:52 - ====Start Log====
cURL is not available. Sync aborted. Please contact your host to install cURL.
====End Log====


02-17-2019 @ 19:05:39 - ====Start Log====
cURL is not available. Sync aborted. Please contact your host to install cURL.
====End Log====


02-17-2019 @ 19:05:39 - ====Start Log====
cURL is not available. Sync aborted. Please contact your host to install cURL.
====End Log====


02-17-2019 @ 19:06:53 - ====Start Log====
cURL is not available. Sync aborted. Please contact your host to install cURL.
====End Log====


02-17-2019 @ 19:06:53 - ====Start Log====
cURL is not available. Sync aborted. Please contact your host to install cURL.
====End Log====


02-17-2019 @ 19:07:39 - ====Start Log====
cURL is not available. Sync aborted. Please contact your host to install cURL.
====End Log====


02-17-2019 @ 19:07:39 - ====Start Log====
cURL is not available. Sync aborted. Please contact your host to install cURL.
====End Log====


02-17-2019 @ 19:08:54 - ====Start Log====
cURL is not available. Sync aborted. Please contact your host to install cURL.
====End Log====


02-17-2019 @ 19:08:54 - ====Start Log====
cURL is not available. Sync aborted. Please contact your host to install cURL.
====End Log====


02-17-2019 @ 19:09:39 - ====Start Log====
cURL is not available. Sync aborted. Please contact your host to install cURL.
====End Log====


02-17-2019 @ 19:09:39 - ====Start Log====
cURL is not available. Sync aborted. Please contact your host to install cURL.
====End Log====


02-17-2019 @ 19:10:55 - ====Start Log====
cURL is not available. Sync aborted. Please contact your host to install cURL.
====End Log====


02-17-2019 @ 19:10:55 - ====Start Log====
cURL is not available. Sync aborted. Please contact your host to install cURL.
====End Log====


02-17-2019 @ 19:11:39 - ====Start Log====
cURL is not available. Sync aborted. Please contact your host to install cURL.
====End Log====


02-17-2019 @ 19:11:39 - ====Start Log====
cURL is not available. Sync aborted. Please contact your host to install cURL.
====End Log====


02-17-2019 @ 19:12:55 - ====Start Log====
cURL is not available. Sync aborted. Please contact your host to install cURL.
====End Log====


02-17-2019 @ 19:12:55 - ====Start Log====
cURL is not available. Sync aborted. Please contact your host to install cURL.
====End Log====


02-17-2019 @ 19:13:39 - ====Start Log====
cURL is not available. Sync aborted. Please contact your host to install cURL.
====End Log====


02-17-2019 @ 19:13:39 - ====Start Log====
cURL is not available. Sync aborted. Please contact your host to install cURL.
====End Log====


02-17-2019 @ 19:14:55 - ====Start Log====
cURL is not available. Sync aborted. Please contact your host to install cURL.
====End Log====


02-17-2019 @ 19:14:55 - ====Start Log====
cURL is not available. Sync aborted. Please contact your host to install cURL.
====End Log====


02-17-2019 @ 19:15:39 - ====Start Log====
cURL is not available. Sync aborted. Please contact your host to install cURL.
====End Log====


02-17-2019 @ 19:15:39 - ====Start Log====
cURL is not available. Sync aborted. Please contact your host to install cURL.
====End Log====


02-17-2019 @ 19:16:56 - ====Start Log====
cURL is not available. Sync aborted. Please contact your host to install cURL.
====End Log====


02-17-2019 @ 19:16:56 - ====Start Log====
cURL is not available. Sync aborted. Please contact your host to install cURL.
====End Log====


02-17-2019 @ 19:17:39 - ====Start Log====
cURL is not available. Sync aborted. Please contact your host to install cURL.
====End Log====


02-17-2019 @ 19:17:39 - ====Start Log====
cURL is not available. Sync aborted. Please contact your host to install cURL.
====End Log====


02-17-2019 @ 19:18:57 - ====Start Log====
cURL is not available. Sync aborted. Please contact your host to install cURL.
====End Log====


02-17-2019 @ 19:18:57 - ====Start Log====
cURL is not available. Sync aborted. Please contact your host to install cURL.
====End Log====


02-17-2019 @ 19:19:39 - ====Start Log====
cURL is not available. Sync aborted. Please contact your host to install cURL.
====End Log====


02-17-2019 @ 19:19:39 - ====Start Log====
cURL is not available. Sync aborted. Please contact your host to install cURL.
====End Log====


02-17-2019 @ 19:20:58 - ====Start Log====
cURL is not available. Sync aborted. Please contact your host to install cURL.
====End Log====


02-17-2019 @ 19:20:58 - ====Start Log====
cURL is not available. Sync aborted. Please contact your host to install cURL.
====End Log====


02-17-2019 @ 19:21:39 - ====Start Log====
cURL is not available. Sync aborted. Please contact your host to install cURL.
====End Log====


02-17-2019 @ 19:21:39 - ====Start Log====
cURL is not available. Sync aborted. Please contact your host to install cURL.
====End Log====


02-17-2019 @ 19:22:59 - ====Start Log====
cURL is not available. Sync aborted. Please contact your host to install cURL.
====End Log====


02-17-2019 @ 19:22:59 - ====Start Log====
cURL is not available. Sync aborted. Please contact your host to install cURL.
====End Log====


02-17-2019 @ 19:23:39 - ====Start Log====
cURL is not available. Sync aborted. Please contact your host to install cURL.
====End Log====


02-17-2019 @ 19:23:39 - ====Start Log====
cURL is not available. Sync aborted. Please contact your host to install cURL.
====End Log====


02-17-2019 @ 19:24:59 - ====Start Log====
cURL is not available. Sync aborted. Please contact your host to install cURL.
====End Log====


02-17-2019 @ 19:24:59 - ====Start Log====
cURL is not available. Sync aborted. Please contact your host to install cURL.
====End Log====


02-17-2019 @ 19:25:39 - ====Start Log====
cURL is not available. Sync aborted. Please contact your host to install cURL.
====End Log====


02-17-2019 @ 19:25:39 - ====Start Log====
cURL is not available. Sync aborted. Please contact your host to install cURL.
====End Log====


02-17-2019 @ 19:27:00 - ====Start Log====
cURL is not available. Sync aborted. Please contact your host to install cURL.
====End Log====


02-17-2019 @ 19:27:00 - ====Start Log====
cURL is not available. Sync aborted. Please contact your host to install cURL.
====End Log====


02-17-2019 @ 19:27:39 - ====Start Log====
cURL is not available. Sync aborted. Please contact your host to install cURL.
====End Log====


02-17-2019 @ 19:27:39 - ====Start Log====
cURL is not available. Sync aborted. Please contact your host to install cURL.
====End Log====


02-17-2019 @ 19:29:01 - ====Start Log====
cURL is not available. Sync aborted. Please contact your host to install cURL.
====End Log====


02-17-2019 @ 19:29:01 - ====Start Log====
cURL is not available. Sync aborted. Please contact your host to install cURL.
====End Log====


02-17-2019 @ 19:29:39 - ====Start Log====
cURL is not available. Sync aborted. Please contact your host to install cURL.
====End Log====


02-17-2019 @ 19:29:39 - ====Start Log====
cURL is not available. Sync aborted. Please contact your host to install cURL.
====End Log====


02-17-2019 @ 19:31:02 - ====Start Log====
cURL is not available. Sync aborted. Please contact your host to install cURL.
====End Log====


02-17-2019 @ 19:31:02 - ====Start Log====
cURL is not available. Sync aborted. Please contact your host to install cURL.
====End Log====


02-17-2019 @ 19:31:40 - ====Start Log====
cURL is not available. Sync aborted. Please contact your host to install cURL.
====End Log====


02-17-2019 @ 19:31:40 - ====Start Log====
cURL is not available. Sync aborted. Please contact your host to install cURL.
====End Log====


02-17-2019 @ 19:33:03 - ====Start Log====
cURL is not available. Sync aborted. Please contact your host to install cURL.
====End Log====


02-17-2019 @ 19:33:03 - ====Start Log====
cURL is not available. Sync aborted. Please contact your host to install cURL.
====End Log====


02-17-2019 @ 19:33:41 - ====Start Log====
cURL is not available. Sync aborted. Please contact your host to install cURL.
====End Log====


02-17-2019 @ 19:33:41 - ====Start Log====
cURL is not available. Sync aborted. Please contact your host to install cURL.
====End Log====


02-17-2019 @ 19:35:04 - ====Start Log====
cURL is not available. Sync aborted. Please contact your host to install cURL.
====End Log====


02-17-2019 @ 19:35:04 - ====Start Log====
cURL is not available. Sync aborted. Please contact your host to install cURL.
====End Log====


02-17-2019 @ 19:35:42 - ====Start Log====
cURL is not available. Sync aborted. Please contact your host to install cURL.
====End Log====


02-17-2019 @ 19:35:42 - ====Start Log====
cURL is not available. Sync aborted. Please contact your host to install cURL.
====End Log====


02-17-2019 @ 19:37:05 - ====Start Log====
cURL is not available. Sync aborted. Please contact your host to install cURL.
====End Log====


02-17-2019 @ 19:37:05 - ====Start Log====
cURL is not available. Sync aborted. Please contact your host to install cURL.
====End Log====


02-17-2019 @ 19:37:42 - ====Start Log====
cURL is not available. Sync aborted. Please contact your host to install cURL.
====End Log====


02-17-2019 @ 19:37:42 - ====Start Log====
cURL is not available. Sync aborted. Please contact your host to install cURL.
====End Log====


02-17-2019 @ 19:39:06 - ====Start Log====
cURL is not available. Sync aborted. Please contact your host to install cURL.
====End Log====


02-17-2019 @ 19:39:06 - ====Start Log====
cURL is not available. Sync aborted. Please contact your host to install cURL.
====End Log====


02-17-2019 @ 19:39:42 - ====Start Log====
cURL is not available. Sync aborted. Please contact your host to install cURL.
====End Log====


02-17-2019 @ 19:39:42 - ====Start Log====
cURL is not available. Sync aborted. Please contact your host to install cURL.
====End Log====


02-17-2019 @ 19:39:45 - ====Start Log====
cURL is not available. Sync aborted. Please contact your host to install cURL.
====End Log====


02-17-2019 @ 19:39:46 - ====Start Log====
cURL is not available. Sync aborted. Please contact your host to install cURL.
====End Log====


02-17-2019 @ 19:41:06 - ====Start Log====
cURL is not available. Sync aborted. Please contact your host to install cURL.
====End Log====


02-17-2019 @ 19:41:06 - ====Start Log====
cURL is not available. Sync aborted. Please contact your host to install cURL.
====End Log====


02-17-2019 @ 19:41:43 - ====Start Log====
cURL is not available. Sync aborted. Please contact your host to install cURL.
====End Log====


02-17-2019 @ 19:41:43 - ====Start Log====
cURL is not available. Sync aborted. Please contact your host to install cURL.
====End Log====


