02-19-2019 @ 15:23:45 - ====Start Log====
cURL is not available. Sync aborted. Please contact your host to install cURL.
====End Log====


02-19-2019 @ 15:23:45 - ====Start Log====
cURL is not available. Sync aborted. Please contact your host to install cURL.
====End Log====


02-19-2019 @ 15:23:47 - ====Start Log====
cURL is not available. Sync aborted. Please contact your host to install cURL.
====End Log====


02-19-2019 @ 15:23:48 - ====Start Log====
cURL is not available. Sync aborted. Please contact your host to install cURL.
====End Log====


02-19-2019 @ 15:23:48 - ====Start Log====
cURL is not available. Sync aborted. Please contact your host to install cURL.
====End Log====


02-19-2019 @ 15:23:48 - ====Start Log====
cURL is not available. Sync aborted. Please contact your host to install cURL.
====End Log====


02-19-2019 @ 15:23:49 - ====Start Log====
cURL is not available. Sync aborted. Please contact your host to install cURL.
====End Log====


02-19-2019 @ 15:33:13 - ====Start Log====
cURL is not available. Sync aborted. Please contact your host to install cURL.
====End Log====


02-19-2019 @ 15:33:13 - ====Start Log====
cURL is not available. Sync aborted. Please contact your host to install cURL.
====End Log====


02-19-2019 @ 15:33:13 - ====Start Log====
cURL is not available. Sync aborted. Please contact your host to install cURL.
====End Log====


02-19-2019 @ 15:33:14 - ====Start Log====
cURL is not available. Sync aborted. Please contact your host to install cURL.
====End Log====


02-19-2019 @ 15:33:14 - ====Start Log====
cURL is not available. Sync aborted. Please contact your host to install cURL.
====End Log====


02-19-2019 @ 15:33:15 - ====Start Log====
cURL is not available. Sync aborted. Please contact your host to install cURL.
====End Log====


02-19-2019 @ 15:33:20 - ====Start Log====
cURL is not available. Sync aborted. Please contact your host to install cURL.
====End Log====


02-19-2019 @ 15:33:20 - ====Start Log====
cURL is not available. Sync aborted. Please contact your host to install cURL.
====End Log====


02-19-2019 @ 15:33:20 - ====Start Log====
cURL is not available. Sync aborted. Please contact your host to install cURL.
====End Log====


02-19-2019 @ 15:33:20 - ====Start Log====
cURL is not available. Sync aborted. Please contact your host to install cURL.
====End Log====


02-19-2019 @ 15:33:20 - ====Start Log====
cURL is not available. Sync aborted. Please contact your host to install cURL.
====End Log====


02-19-2019 @ 15:33:20 - ====Start Log====
cURL is not available. Sync aborted. Please contact your host to install cURL.
====End Log====


02-19-2019 @ 15:34:45 - ====Start Log====
cURL is not available. Sync aborted. Please contact your host to install cURL.
====End Log====


02-19-2019 @ 15:34:45 - ====Start Log====
cURL is not available. Sync aborted. Please contact your host to install cURL.
====End Log====


02-19-2019 @ 15:34:45 - ====Start Log====
cURL is not available. Sync aborted. Please contact your host to install cURL.
====End Log====


02-19-2019 @ 15:34:45 - ====Start Log====
cURL is not available. Sync aborted. Please contact your host to install cURL.
====End Log====


02-19-2019 @ 15:34:45 - ====Start Log====
cURL is not available. Sync aborted. Please contact your host to install cURL.
====End Log====


02-19-2019 @ 15:34:46 - ====Start Log====
cURL is not available. Sync aborted. Please contact your host to install cURL.
====End Log====


02-19-2019 @ 15:34:46 - ====Start Log====
cURL is not available. Sync aborted. Please contact your host to install cURL.
====End Log====


02-19-2019 @ 15:34:46 - ====Start Log====
cURL is not available. Sync aborted. Please contact your host to install cURL.
====End Log====


02-19-2019 @ 15:34:46 - ====Start Log====
cURL is not available. Sync aborted. Please contact your host to install cURL.
====End Log====


02-19-2019 @ 15:36:16 - ====Start Log====
cURL is not available. Sync aborted. Please contact your host to install cURL.
====End Log====


02-19-2019 @ 15:36:16 - ====Start Log====
cURL is not available. Sync aborted. Please contact your host to install cURL.
====End Log====


02-19-2019 @ 15:36:16 - ====Start Log====
cURL is not available. Sync aborted. Please contact your host to install cURL.
====End Log====


02-19-2019 @ 15:36:16 - ====Start Log====
cURL is not available. Sync aborted. Please contact your host to install cURL.
====End Log====


02-19-2019 @ 15:36:16 - ====Start Log====
cURL is not available. Sync aborted. Please contact your host to install cURL.
====End Log====


02-19-2019 @ 15:37:52 - ====Start Log====
cURL is not available. Sync aborted. Please contact your host to install cURL.
====End Log====


02-19-2019 @ 15:37:52 - ====Start Log====
cURL is not available. Sync aborted. Please contact your host to install cURL.
====End Log====


02-19-2019 @ 15:37:52 - ====Start Log====
cURL is not available. Sync aborted. Please contact your host to install cURL.
====End Log====


02-19-2019 @ 15:37:52 - ====Start Log====
cURL is not available. Sync aborted. Please contact your host to install cURL.
====End Log====


02-19-2019 @ 15:37:52 - ====Start Log====
cURL is not available. Sync aborted. Please contact your host to install cURL.
====End Log====


02-19-2019 @ 15:37:53 - ====Start Log====
cURL is not available. Sync aborted. Please contact your host to install cURL.
====End Log====


02-19-2019 @ 15:37:53 - ====Start Log====
cURL is not available. Sync aborted. Please contact your host to install cURL.
====End Log====


02-19-2019 @ 15:37:53 - ====Start Log====
cURL is not available. Sync aborted. Please contact your host to install cURL.
====End Log====


02-19-2019 @ 15:42:07 - ====Start Log====
cURL is not available. Sync aborted. Please contact your host to install cURL.
====End Log====


02-19-2019 @ 15:42:07 - ====Start Log====
cURL is not available. Sync aborted. Please contact your host to install cURL.
====End Log====


02-19-2019 @ 15:42:07 - ====Start Log====
cURL is not available. Sync aborted. Please contact your host to install cURL.
====End Log====


02-19-2019 @ 15:42:07 - ====Start Log====
cURL is not available. Sync aborted. Please contact your host to install cURL.
====End Log====


02-19-2019 @ 15:42:07 - ====Start Log====
cURL is not available. Sync aborted. Please contact your host to install cURL.
====End Log====


02-19-2019 @ 15:42:08 - ====Start Log====
cURL is not available. Sync aborted. Please contact your host to install cURL.
====End Log====


02-19-2019 @ 15:42:08 - ====Start Log====
cURL is not available. Sync aborted. Please contact your host to install cURL.
====End Log====


02-19-2019 @ 15:42:08 - ====Start Log====
cURL is not available. Sync aborted. Please contact your host to install cURL.
====End Log====


02-19-2019 @ 15:42:37 - ====Start Log====
cURL is not available. Sync aborted. Please contact your host to install cURL.
====End Log====


02-19-2019 @ 15:42:37 - ====Start Log====
cURL is not available. Sync aborted. Please contact your host to install cURL.
====End Log====


02-19-2019 @ 15:42:37 - ====Start Log====
cURL is not available. Sync aborted. Please contact your host to install cURL.
====End Log====


02-19-2019 @ 15:42:38 - ====Start Log====
cURL is not available. Sync aborted. Please contact your host to install cURL.
====End Log====


02-19-2019 @ 15:42:59 - ====Start Log====
cURL is not available. Sync aborted. Please contact your host to install cURL.
====End Log====


02-19-2019 @ 15:42:59 - ====Start Log====
cURL is not available. Sync aborted. Please contact your host to install cURL.
====End Log====


02-19-2019 @ 15:42:59 - ====Start Log====
cURL is not available. Sync aborted. Please contact your host to install cURL.
====End Log====


02-19-2019 @ 15:42:59 - ====Start Log====
cURL is not available. Sync aborted. Please contact your host to install cURL.
====End Log====


02-19-2019 @ 15:43:00 - ====Start Log====
cURL is not available. Sync aborted. Please contact your host to install cURL.
====End Log====


02-19-2019 @ 15:43:00 - ====Start Log====
cURL is not available. Sync aborted. Please contact your host to install cURL.
====End Log====


02-19-2019 @ 15:43:00 - ====Start Log====
cURL is not available. Sync aborted. Please contact your host to install cURL.
====End Log====


02-19-2019 @ 15:44:19 - ====Start Log====
cURL is not available. Sync aborted. Please contact your host to install cURL.
====End Log====


02-19-2019 @ 15:44:20 - ====Start Log====
cURL is not available. Sync aborted. Please contact your host to install cURL.
====End Log====


02-19-2019 @ 15:44:20 - ====Start Log====
cURL is not available. Sync aborted. Please contact your host to install cURL.
====End Log====


02-19-2019 @ 15:44:20 - ====Start Log====
cURL is not available. Sync aborted. Please contact your host to install cURL.
====End Log====


02-19-2019 @ 15:44:20 - ====Start Log====
cURL is not available. Sync aborted. Please contact your host to install cURL.
====End Log====


02-19-2019 @ 15:44:20 - ====Start Log====
cURL is not available. Sync aborted. Please contact your host to install cURL.
====End Log====


02-19-2019 @ 15:44:20 - ====Start Log====
cURL is not available. Sync aborted. Please contact your host to install cURL.
====End Log====


02-19-2019 @ 15:44:57 - ====Start Log====
cURL is not available. Sync aborted. Please contact your host to install cURL.
====End Log====


02-19-2019 @ 15:44:57 - ====Start Log====
cURL is not available. Sync aborted. Please contact your host to install cURL.
====End Log====


02-19-2019 @ 15:44:57 - ====Start Log====
cURL is not available. Sync aborted. Please contact your host to install cURL.
====End Log====


02-19-2019 @ 15:44:57 - ====Start Log====
cURL is not available. Sync aborted. Please contact your host to install cURL.
====End Log====


02-19-2019 @ 15:44:58 - ====Start Log====
cURL is not available. Sync aborted. Please contact your host to install cURL.
====End Log====


02-19-2019 @ 15:44:58 - ====Start Log====
cURL is not available. Sync aborted. Please contact your host to install cURL.
====End Log====


02-19-2019 @ 15:44:58 - ====Start Log====
cURL is not available. Sync aborted. Please contact your host to install cURL.
====End Log====


02-19-2019 @ 15:45:01 - ====Start Log====
cURL is not available. Sync aborted. Please contact your host to install cURL.
====End Log====


02-19-2019 @ 15:45:01 - ====Start Log====
cURL is not available. Sync aborted. Please contact your host to install cURL.
====End Log====


02-19-2019 @ 15:45:01 - ====Start Log====
cURL is not available. Sync aborted. Please contact your host to install cURL.
====End Log====


02-19-2019 @ 15:45:01 - ====Start Log====
cURL is not available. Sync aborted. Please contact your host to install cURL.
====End Log====


02-19-2019 @ 15:45:01 - ====Start Log====
cURL is not available. Sync aborted. Please contact your host to install cURL.
====End Log====


02-19-2019 @ 15:45:02 - ====Start Log====
cURL is not available. Sync aborted. Please contact your host to install cURL.
====End Log====


02-19-2019 @ 15:45:02 - ====Start Log====
cURL is not available. Sync aborted. Please contact your host to install cURL.
====End Log====


02-19-2019 @ 15:45:03 - ====Start Log====
cURL is not available. Sync aborted. Please contact your host to install cURL.
====End Log====


02-19-2019 @ 15:45:03 - ====Start Log====
cURL is not available. Sync aborted. Please contact your host to install cURL.
====End Log====


02-19-2019 @ 15:45:03 - ====Start Log====
cURL is not available. Sync aborted. Please contact your host to install cURL.
====End Log====


02-19-2019 @ 15:45:03 - ====Start Log====
cURL is not available. Sync aborted. Please contact your host to install cURL.
====End Log====


02-19-2019 @ 15:45:04 - ====Start Log====
cURL is not available. Sync aborted. Please contact your host to install cURL.
====End Log====


02-19-2019 @ 15:50:19 - ====Start Log====
cURL is not available. Sync aborted. Please contact your host to install cURL.
====End Log====


02-19-2019 @ 15:50:19 - ====Start Log====
cURL is not available. Sync aborted. Please contact your host to install cURL.
====End Log====


02-19-2019 @ 15:50:21 - ====Start Log====
cURL is not available. Sync aborted. Please contact your host to install cURL.
====End Log====


02-19-2019 @ 15:50:21 - ====Start Log====
cURL is not available. Sync aborted. Please contact your host to install cURL.
====End Log====


02-19-2019 @ 15:50:22 - ====Start Log====
cURL is not available. Sync aborted. Please contact your host to install cURL.
====End Log====


02-19-2019 @ 15:50:22 - ====Start Log====
cURL is not available. Sync aborted. Please contact your host to install cURL.
====End Log====


02-19-2019 @ 15:50:22 - ====Start Log====
cURL is not available. Sync aborted. Please contact your host to install cURL.
====End Log====


02-19-2019 @ 15:51:33 - ====Start Log====
cURL is not available. Sync aborted. Please contact your host to install cURL.
====End Log====


02-19-2019 @ 15:51:33 - ====Start Log====
cURL is not available. Sync aborted. Please contact your host to install cURL.
====End Log====


02-19-2019 @ 15:51:33 - ====Start Log====
cURL is not available. Sync aborted. Please contact your host to install cURL.
====End Log====


02-19-2019 @ 15:51:33 - ====Start Log====
cURL is not available. Sync aborted. Please contact your host to install cURL.
====End Log====


02-19-2019 @ 15:51:33 - ====Start Log====
cURL is not available. Sync aborted. Please contact your host to install cURL.
====End Log====


02-19-2019 @ 15:51:33 - ====Start Log====
cURL is not available. Sync aborted. Please contact your host to install cURL.
====End Log====


02-19-2019 @ 15:51:34 - ====Start Log====
cURL is not available. Sync aborted. Please contact your host to install cURL.
====End Log====


02-19-2019 @ 15:53:18 - ====Start Log====
cURL is not available. Sync aborted. Please contact your host to install cURL.
====End Log====


02-19-2019 @ 15:53:18 - ====Start Log====
cURL is not available. Sync aborted. Please contact your host to install cURL.
====End Log====


02-19-2019 @ 15:53:18 - ====Start Log====
cURL is not available. Sync aborted. Please contact your host to install cURL.
====End Log====


02-19-2019 @ 15:57:37 - ====Start Log====
cURL is not available. Sync aborted. Please contact your host to install cURL.
====End Log====


02-19-2019 @ 15:57:37 - ====Start Log====
cURL is not available. Sync aborted. Please contact your host to install cURL.
====End Log====


02-19-2019 @ 15:57:37 - ====Start Log====
cURL is not available. Sync aborted. Please contact your host to install cURL.
====End Log====


02-19-2019 @ 15:57:39 - ====Start Log====
cURL is not available. Sync aborted. Please contact your host to install cURL.
====End Log====


02-19-2019 @ 15:57:40 - ====Start Log====
cURL is not available. Sync aborted. Please contact your host to install cURL.
====End Log====


02-19-2019 @ 15:57:40 - ====Start Log====
cURL is not available. Sync aborted. Please contact your host to install cURL.
====End Log====


02-19-2019 @ 15:57:40 - ====Start Log====
cURL is not available. Sync aborted. Please contact your host to install cURL.
====End Log====


02-19-2019 @ 15:57:40 - ====Start Log====
cURL is not available. Sync aborted. Please contact your host to install cURL.
====End Log====


02-19-2019 @ 15:57:41 - ====Start Log====
cURL is not available. Sync aborted. Please contact your host to install cURL.
====End Log====


02-19-2019 @ 15:57:41 - ====Start Log====
cURL is not available. Sync aborted. Please contact your host to install cURL.
====End Log====


02-19-2019 @ 15:57:41 - ====Start Log====
cURL is not available. Sync aborted. Please contact your host to install cURL.
====End Log====


02-19-2019 @ 15:57:44 - ====Start Log====
cURL is not available. Sync aborted. Please contact your host to install cURL.
====End Log====


02-19-2019 @ 15:57:44 - ====Start Log====
cURL is not available. Sync aborted. Please contact your host to install cURL.
====End Log====


02-19-2019 @ 15:57:44 - ====Start Log====
cURL is not available. Sync aborted. Please contact your host to install cURL.
====End Log====


02-19-2019 @ 15:57:44 - ====Start Log====
cURL is not available. Sync aborted. Please contact your host to install cURL.
====End Log====


02-19-2019 @ 15:57:45 - ====Start Log====
cURL is not available. Sync aborted. Please contact your host to install cURL.
====End Log====


02-19-2019 @ 16:00:19 - ====Start Log====
cURL is not available. Sync aborted. Please contact your host to install cURL.
====End Log====


02-19-2019 @ 16:00:20 - ====Start Log====
cURL is not available. Sync aborted. Please contact your host to install cURL.
====End Log====


02-19-2019 @ 16:00:20 - ====Start Log====
cURL is not available. Sync aborted. Please contact your host to install cURL.
====End Log====


02-19-2019 @ 16:00:20 - ====Start Log====
cURL is not available. Sync aborted. Please contact your host to install cURL.
====End Log====


02-19-2019 @ 16:00:20 - ====Start Log====
cURL is not available. Sync aborted. Please contact your host to install cURL.
====End Log====


02-19-2019 @ 16:00:20 - ====Start Log====
cURL is not available. Sync aborted. Please contact your host to install cURL.
====End Log====


02-19-2019 @ 16:00:33 - ====Start Log====
cURL is not available. Sync aborted. Please contact your host to install cURL.
====End Log====


02-19-2019 @ 16:00:34 - ====Start Log====
cURL is not available. Sync aborted. Please contact your host to install cURL.
====End Log====


02-19-2019 @ 16:00:34 - ====Start Log====
cURL is not available. Sync aborted. Please contact your host to install cURL.
====End Log====


02-19-2019 @ 16:00:35 - ====Start Log====
cURL is not available. Sync aborted. Please contact your host to install cURL.
====End Log====


02-19-2019 @ 16:00:35 - ====Start Log====
cURL is not available. Sync aborted. Please contact your host to install cURL.
====End Log====


02-19-2019 @ 16:00:35 - ====Start Log====
cURL is not available. Sync aborted. Please contact your host to install cURL.
====End Log====


02-19-2019 @ 16:00:35 - ====Start Log====
cURL is not available. Sync aborted. Please contact your host to install cURL.
====End Log====


02-19-2019 @ 16:00:39 - ====Start Log====
cURL is not available. Sync aborted. Please contact your host to install cURL.
====End Log====


02-19-2019 @ 16:00:39 - ====Start Log====
cURL is not available. Sync aborted. Please contact your host to install cURL.
====End Log====


02-19-2019 @ 16:00:39 - ====Start Log====
cURL is not available. Sync aborted. Please contact your host to install cURL.
====End Log====


02-19-2019 @ 16:00:48 - ====Start Log====
cURL is not available. Sync aborted. Please contact your host to install cURL.
====End Log====


02-19-2019 @ 16:00:48 - ====Start Log====
cURL is not available. Sync aborted. Please contact your host to install cURL.
====End Log====


02-19-2019 @ 16:00:49 - ====Start Log====
cURL is not available. Sync aborted. Please contact your host to install cURL.
====End Log====


02-19-2019 @ 16:00:50 - ====Start Log====
cURL is not available. Sync aborted. Please contact your host to install cURL.
====End Log====


02-19-2019 @ 16:00:50 - ====Start Log====
cURL is not available. Sync aborted. Please contact your host to install cURL.
====End Log====


02-19-2019 @ 16:00:51 - ====Start Log====
cURL is not available. Sync aborted. Please contact your host to install cURL.
====End Log====


02-19-2019 @ 16:00:52 - ====Start Log====
cURL is not available. Sync aborted. Please contact your host to install cURL.
====End Log====


02-19-2019 @ 16:00:53 - ====Start Log====
cURL is not available. Sync aborted. Please contact your host to install cURL.
====End Log====


02-19-2019 @ 16:00:53 - ====Start Log====
cURL is not available. Sync aborted. Please contact your host to install cURL.
====End Log====


02-19-2019 @ 16:00:55 - ====Start Log====
cURL is not available. Sync aborted. Please contact your host to install cURL.
====End Log====


02-19-2019 @ 16:00:55 - ====Start Log====
cURL is not available. Sync aborted. Please contact your host to install cURL.
====End Log====


02-19-2019 @ 16:00:55 - ====Start Log====
cURL is not available. Sync aborted. Please contact your host to install cURL.
====End Log====


02-19-2019 @ 16:00:55 - ====Start Log====
cURL is not available. Sync aborted. Please contact your host to install cURL.
====End Log====


02-19-2019 @ 16:00:55 - ====Start Log====
cURL is not available. Sync aborted. Please contact your host to install cURL.
====End Log====


02-19-2019 @ 16:01:01 - ====Start Log====
cURL is not available. Sync aborted. Please contact your host to install cURL.
====End Log====


02-19-2019 @ 16:01:01 - ====Start Log====
cURL is not available. Sync aborted. Please contact your host to install cURL.
====End Log====


02-19-2019 @ 16:01:01 - ====Start Log====
cURL is not available. Sync aborted. Please contact your host to install cURL.
====End Log====


02-19-2019 @ 16:01:01 - ====Start Log====
cURL is not available. Sync aborted. Please contact your host to install cURL.
====End Log====


02-19-2019 @ 16:01:01 - ====Start Log====
cURL is not available. Sync aborted. Please contact your host to install cURL.
====End Log====


02-19-2019 @ 16:21:28 - ====Start Log====
cURL is not available. Sync aborted. Please contact your host to install cURL.
====End Log====


02-19-2019 @ 16:21:28 - ====Start Log====
cURL is not available. Sync aborted. Please contact your host to install cURL.
====End Log====


02-19-2019 @ 16:21:28 - ====Start Log====
cURL is not available. Sync aborted. Please contact your host to install cURL.
====End Log====


02-19-2019 @ 16:21:29 - ====Start Log====
cURL is not available. Sync aborted. Please contact your host to install cURL.
====End Log====


02-19-2019 @ 16:21:29 - ====Start Log====
cURL is not available. Sync aborted. Please contact your host to install cURL.
====End Log====


02-19-2019 @ 16:21:29 - ====Start Log====
cURL is not available. Sync aborted. Please contact your host to install cURL.
====End Log====


02-19-2019 @ 16:22:22 - ====Start Log====
cURL is not available. Sync aborted. Please contact your host to install cURL.
====End Log====


02-19-2019 @ 16:22:23 - ====Start Log====
cURL is not available. Sync aborted. Please contact your host to install cURL.
====End Log====


02-19-2019 @ 16:22:23 - ====Start Log====
cURL is not available. Sync aborted. Please contact your host to install cURL.
====End Log====


02-19-2019 @ 16:22:24 - ====Start Log====
cURL is not available. Sync aborted. Please contact your host to install cURL.
====End Log====


02-19-2019 @ 16:22:24 - ====Start Log====
cURL is not available. Sync aborted. Please contact your host to install cURL.
====End Log====


02-19-2019 @ 16:22:24 - ====Start Log====
cURL is not available. Sync aborted. Please contact your host to install cURL.
====End Log====


02-19-2019 @ 16:24:42 - ====Start Log====
cURL is not available. Sync aborted. Please contact your host to install cURL.
====End Log====


02-19-2019 @ 16:24:42 - ====Start Log====
cURL is not available. Sync aborted. Please contact your host to install cURL.
====End Log====


02-19-2019 @ 16:24:42 - ====Start Log====
cURL is not available. Sync aborted. Please contact your host to install cURL.
====End Log====


02-19-2019 @ 16:25:12 - ====Start Log====
cURL is not available. Sync aborted. Please contact your host to install cURL.
====End Log====


02-19-2019 @ 16:25:12 - ====Start Log====
cURL is not available. Sync aborted. Please contact your host to install cURL.
====End Log====


02-19-2019 @ 16:26:21 - ====Start Log====
cURL is not available. Sync aborted. Please contact your host to install cURL.
====End Log====


02-19-2019 @ 16:26:21 - ====Start Log====
cURL is not available. Sync aborted. Please contact your host to install cURL.
====End Log====


02-19-2019 @ 16:26:21 - ====Start Log====
cURL is not available. Sync aborted. Please contact your host to install cURL.
====End Log====


02-19-2019 @ 16:26:22 - ====Start Log====
cURL is not available. Sync aborted. Please contact your host to install cURL.
====End Log====


02-19-2019 @ 16:26:22 - ====Start Log====
cURL is not available. Sync aborted. Please contact your host to install cURL.
====End Log====


02-19-2019 @ 16:26:22 - ====Start Log====
cURL is not available. Sync aborted. Please contact your host to install cURL.
====End Log====


02-19-2019 @ 16:26:33 - ====Start Log====
cURL is not available. Sync aborted. Please contact your host to install cURL.
====End Log====


02-19-2019 @ 16:26:34 - ====Start Log====
cURL is not available. Sync aborted. Please contact your host to install cURL.
====End Log====


02-19-2019 @ 16:26:37 - ====Start Log====
cURL is not available. Sync aborted. Please contact your host to install cURL.
====End Log====


02-19-2019 @ 16:26:37 - ====Start Log====
cURL is not available. Sync aborted. Please contact your host to install cURL.
====End Log====


02-19-2019 @ 16:26:41 - ====Start Log====
cURL is not available. Sync aborted. Please contact your host to install cURL.
====End Log====


02-19-2019 @ 16:26:42 - ====Start Log====
cURL is not available. Sync aborted. Please contact your host to install cURL.
====End Log====


02-19-2019 @ 16:26:45 - ====Start Log====
cURL is not available. Sync aborted. Please contact your host to install cURL.
====End Log====


02-19-2019 @ 16:26:52 - ====Start Log====
cURL is not available. Sync aborted. Please contact your host to install cURL.
====End Log====


02-19-2019 @ 16:27:08 - ====Start Log====
cURL is not available. Sync aborted. Please contact your host to install cURL.
====End Log====


02-19-2019 @ 16:27:09 - ====Start Log====
cURL is not available. Sync aborted. Please contact your host to install cURL.
====End Log====


02-19-2019 @ 16:27:10 - ====Start Log====
cURL is not available. Sync aborted. Please contact your host to install cURL.
====End Log====


02-19-2019 @ 16:27:11 - ====Start Log====
cURL is not available. Sync aborted. Please contact your host to install cURL.
====End Log====


02-19-2019 @ 16:27:11 - ====Start Log====
cURL is not available. Sync aborted. Please contact your host to install cURL.
====End Log====


02-19-2019 @ 16:27:11 - ====Start Log====
cURL is not available. Sync aborted. Please contact your host to install cURL.
====End Log====


02-19-2019 @ 16:27:12 - ====Start Log====
cURL is not available. Sync aborted. Please contact your host to install cURL.
====End Log====


02-19-2019 @ 16:27:17 - ====Start Log====
cURL is not available. Sync aborted. Please contact your host to install cURL.
====End Log====


02-19-2019 @ 16:27:17 - ====Start Log====
cURL is not available. Sync aborted. Please contact your host to install cURL.
====End Log====


02-19-2019 @ 16:27:18 - ====Start Log====
cURL is not available. Sync aborted. Please contact your host to install cURL.
====End Log====


02-19-2019 @ 16:27:18 - ====Start Log====
cURL is not available. Sync aborted. Please contact your host to install cURL.
====End Log====


02-19-2019 @ 16:27:18 - ====Start Log====
cURL is not available. Sync aborted. Please contact your host to install cURL.
====End Log====


02-19-2019 @ 16:37:56 - ====Start Log====
cURL is not available. Sync aborted. Please contact your host to install cURL.
====End Log====


02-19-2019 @ 16:37:56 - ====Start Log====
cURL is not available. Sync aborted. Please contact your host to install cURL.
====End Log====


02-19-2019 @ 16:37:56 - ====Start Log====
cURL is not available. Sync aborted. Please contact your host to install cURL.
====End Log====


02-19-2019 @ 16:37:57 - ====Start Log====
[WC -> Square] Skipping WC Product 91 since it has no SKUs.
====End Log====


02-19-2019 @ 16:38:08 - ====Start Log====
cURL is not available. Sync aborted. Please contact your host to install cURL.
====End Log====


02-19-2019 @ 16:38:08 - ====Start Log====
cURL is not available. Sync aborted. Please contact your host to install cURL.
====End Log====


02-19-2019 @ 16:40:11 - ====Start Log====
cURL is not available. Sync aborted. Please contact your host to install cURL.
====End Log====


02-19-2019 @ 16:40:11 - ====Start Log====
cURL is not available. Sync aborted. Please contact your host to install cURL.
====End Log====


02-19-2019 @ 16:40:11 - ====Start Log====
cURL is not available. Sync aborted. Please contact your host to install cURL.
====End Log====


02-19-2019 @ 16:40:45 - ====Start Log====
cURL is not available. Sync aborted. Please contact your host to install cURL.
====End Log====


02-19-2019 @ 16:40:45 - ====Start Log====
cURL is not available. Sync aborted. Please contact your host to install cURL.
====End Log====


02-19-2019 @ 16:40:46 - ====Start Log====
cURL is not available. Sync aborted. Please contact your host to install cURL.
====End Log====


02-19-2019 @ 16:40:47 - ====Start Log====
cURL is not available. Sync aborted. Please contact your host to install cURL.
====End Log====


02-19-2019 @ 16:40:47 - ====Start Log====
cURL is not available. Sync aborted. Please contact your host to install cURL.
====End Log====


02-19-2019 @ 16:40:47 - ====Start Log====
cURL is not available. Sync aborted. Please contact your host to install cURL.
====End Log====


02-19-2019 @ 16:41:18 - ====Start Log====
cURL is not available. Sync aborted. Please contact your host to install cURL.
====End Log====


02-19-2019 @ 16:41:19 - ====Start Log====
cURL is not available. Sync aborted. Please contact your host to install cURL.
====End Log====


02-19-2019 @ 16:41:19 - ====Start Log====
cURL is not available. Sync aborted. Please contact your host to install cURL.
====End Log====


02-19-2019 @ 16:41:19 - ====Start Log====
cURL is not available. Sync aborted. Please contact your host to install cURL.
====End Log====


02-19-2019 @ 16:41:20 - ====Start Log====
cURL is not available. Sync aborted. Please contact your host to install cURL.
====End Log====


02-19-2019 @ 16:41:44 - ====Start Log====
cURL is not available. Sync aborted. Please contact your host to install cURL.
====End Log====


02-19-2019 @ 16:41:44 - ====Start Log====
cURL is not available. Sync aborted. Please contact your host to install cURL.
====End Log====


02-19-2019 @ 16:41:44 - ====Start Log====
cURL is not available. Sync aborted. Please contact your host to install cURL.
====End Log====


02-19-2019 @ 16:41:46 - ====Start Log====
cURL is not available. Sync aborted. Please contact your host to install cURL.
====End Log====


02-19-2019 @ 16:41:46 - ====Start Log====
cURL is not available. Sync aborted. Please contact your host to install cURL.
====End Log====


02-19-2019 @ 16:41:46 - ====Start Log====
cURL is not available. Sync aborted. Please contact your host to install cURL.
====End Log====


02-19-2019 @ 16:43:13 - ====Start Log====
cURL is not available. Sync aborted. Please contact your host to install cURL.
====End Log====


02-19-2019 @ 16:43:13 - ====Start Log====
cURL is not available. Sync aborted. Please contact your host to install cURL.
====End Log====


02-19-2019 @ 16:43:13 - ====Start Log====
cURL is not available. Sync aborted. Please contact your host to install cURL.
====End Log====


02-19-2019 @ 16:43:13 - ====Start Log====
cURL is not available. Sync aborted. Please contact your host to install cURL.
====End Log====


02-19-2019 @ 16:43:13 - ====Start Log====
cURL is not available. Sync aborted. Please contact your host to install cURL.
====End Log====


02-19-2019 @ 16:43:14 - ====Start Log====
cURL is not available. Sync aborted. Please contact your host to install cURL.
====End Log====


02-19-2019 @ 16:43:18 - ====Start Log====
cURL is not available. Sync aborted. Please contact your host to install cURL.
====End Log====


02-19-2019 @ 16:43:18 - ====Start Log====
cURL is not available. Sync aborted. Please contact your host to install cURL.
====End Log====


02-19-2019 @ 16:43:19 - ====Start Log====
cURL is not available. Sync aborted. Please contact your host to install cURL.
====End Log====


02-19-2019 @ 16:43:19 - ====Start Log====
cURL is not available. Sync aborted. Please contact your host to install cURL.
====End Log====


02-19-2019 @ 16:43:19 - ====Start Log====
cURL is not available. Sync aborted. Please contact your host to install cURL.
====End Log====


02-19-2019 @ 16:46:54 - ====Start Log====
cURL is not available. Sync aborted. Please contact your host to install cURL.
====End Log====


02-19-2019 @ 16:46:54 - ====Start Log====
cURL is not available. Sync aborted. Please contact your host to install cURL.
====End Log====


02-19-2019 @ 16:46:54 - ====Start Log====
cURL is not available. Sync aborted. Please contact your host to install cURL.
====End Log====


02-19-2019 @ 16:46:55 - ====Start Log====
cURL is not available. Sync aborted. Please contact your host to install cURL.
====End Log====


02-19-2019 @ 16:46:55 - ====Start Log====
cURL is not available. Sync aborted. Please contact your host to install cURL.
====End Log====


02-19-2019 @ 16:46:55 - ====Start Log====
cURL is not available. Sync aborted. Please contact your host to install cURL.
====End Log====


02-19-2019 @ 16:48:34 - ====Start Log====
cURL is not available. Sync aborted. Please contact your host to install cURL.
====End Log====


02-19-2019 @ 16:48:34 - ====Start Log====
cURL is not available. Sync aborted. Please contact your host to install cURL.
====End Log====


02-19-2019 @ 16:48:34 - ====Start Log====
cURL is not available. Sync aborted. Please contact your host to install cURL.
====End Log====


02-19-2019 @ 16:48:35 - ====Start Log====
cURL is not available. Sync aborted. Please contact your host to install cURL.
====End Log====


02-19-2019 @ 16:48:35 - ====Start Log====
cURL is not available. Sync aborted. Please contact your host to install cURL.
====End Log====


02-19-2019 @ 16:48:35 - ====Start Log====
cURL is not available. Sync aborted. Please contact your host to install cURL.
====End Log====


02-19-2019 @ 16:59:44 - ====Start Log====
cURL is not available. Sync aborted. Please contact your host to install cURL.
====End Log====


02-19-2019 @ 16:59:45 - ====Start Log====
cURL is not available. Sync aborted. Please contact your host to install cURL.
====End Log====


02-19-2019 @ 17:00:02 - ====Start Log====
cURL is not available. Sync aborted. Please contact your host to install cURL.
====End Log====


02-19-2019 @ 17:00:07 - ====Start Log====
cURL is not available. Sync aborted. Please contact your host to install cURL.
====End Log====


02-19-2019 @ 17:00:29 - ====Start Log====
cURL is not available. Sync aborted. Please contact your host to install cURL.
====End Log====


02-19-2019 @ 17:00:36 - ====Start Log====
cURL is not available. Sync aborted. Please contact your host to install cURL.
====End Log====


02-19-2019 @ 17:00:37 - ====Start Log====
cURL is not available. Sync aborted. Please contact your host to install cURL.
====End Log====


02-19-2019 @ 17:00:37 - ====Start Log====
cURL is not available. Sync aborted. Please contact your host to install cURL.
====End Log====


02-19-2019 @ 17:00:40 - ====Start Log====
cURL is not available. Sync aborted. Please contact your host to install cURL.
====End Log====


02-19-2019 @ 17:00:40 - ====Start Log====
cURL is not available. Sync aborted. Please contact your host to install cURL.
====End Log====


02-19-2019 @ 17:01:01 - ====Start Log====
cURL is not available. Sync aborted. Please contact your host to install cURL.
====End Log====


02-19-2019 @ 17:01:01 - ====Start Log====
cURL is not available. Sync aborted. Please contact your host to install cURL.
====End Log====


02-19-2019 @ 17:02:23 - ====Start Log====
cURL is not available. Sync aborted. Please contact your host to install cURL.
====End Log====


02-19-2019 @ 17:02:24 - ====Start Log====
cURL is not available. Sync aborted. Please contact your host to install cURL.
====End Log====


02-19-2019 @ 17:02:24 - ====Start Log====
cURL is not available. Sync aborted. Please contact your host to install cURL.
====End Log====


02-19-2019 @ 17:02:32 - ====Start Log====
cURL is not available. Sync aborted. Please contact your host to install cURL.
====End Log====


02-19-2019 @ 17:02:32 - ====Start Log====
cURL is not available. Sync aborted. Please contact your host to install cURL.
====End Log====


02-19-2019 @ 17:02:33 - ====Start Log====
cURL is not available. Sync aborted. Please contact your host to install cURL.
====End Log====


02-19-2019 @ 17:02:34 - ====Start Log====
cURL is not available. Sync aborted. Please contact your host to install cURL.
====End Log====


02-19-2019 @ 17:02:34 - ====Start Log====
cURL is not available. Sync aborted. Please contact your host to install cURL.
====End Log====


02-19-2019 @ 17:02:34 - ====Start Log====
cURL is not available. Sync aborted. Please contact your host to install cURL.
====End Log====


02-19-2019 @ 17:02:35 - ====Start Log====
cURL is not available. Sync aborted. Please contact your host to install cURL.
====End Log====


02-19-2019 @ 17:02:50 - ====Start Log====
cURL is not available. Sync aborted. Please contact your host to install cURL.
====End Log====


02-19-2019 @ 17:02:50 - ====Start Log====
cURL is not available. Sync aborted. Please contact your host to install cURL.
====End Log====


02-19-2019 @ 17:03:04 - ====Start Log====
cURL is not available. Sync aborted. Please contact your host to install cURL.
====End Log====


02-19-2019 @ 17:03:04 - ====Start Log====
cURL is not available. Sync aborted. Please contact your host to install cURL.
====End Log====


02-19-2019 @ 17:04:54 - ====Start Log====
cURL is not available. Sync aborted. Please contact your host to install cURL.
====End Log====


02-19-2019 @ 17:04:54 - ====Start Log====
cURL is not available. Sync aborted. Please contact your host to install cURL.
====End Log====


02-19-2019 @ 17:04:55 - ====Start Log====
cURL is not available. Sync aborted. Please contact your host to install cURL.
====End Log====


02-19-2019 @ 17:04:55 - ====Start Log====
cURL is not available. Sync aborted. Please contact your host to install cURL.
====End Log====


02-19-2019 @ 17:04:55 - ====Start Log====
cURL is not available. Sync aborted. Please contact your host to install cURL.
====End Log====


02-19-2019 @ 17:04:55 - ====Start Log====
cURL is not available. Sync aborted. Please contact your host to install cURL.
====End Log====


02-19-2019 @ 17:06:50 - ====Start Log====
cURL is not available. Sync aborted. Please contact your host to install cURL.
====End Log====


02-19-2019 @ 17:06:50 - ====Start Log====
cURL is not available. Sync aborted. Please contact your host to install cURL.
====End Log====


02-19-2019 @ 17:06:51 - ====Start Log====
cURL is not available. Sync aborted. Please contact your host to install cURL.
====End Log====


02-19-2019 @ 17:06:51 - ====Start Log====
cURL is not available. Sync aborted. Please contact your host to install cURL.
====End Log====


02-19-2019 @ 17:06:51 - ====Start Log====
cURL is not available. Sync aborted. Please contact your host to install cURL.
====End Log====


02-19-2019 @ 17:06:52 - ====Start Log====
cURL is not available. Sync aborted. Please contact your host to install cURL.
====End Log====


02-19-2019 @ 17:06:59 - ====Start Log====
cURL is not available. Sync aborted. Please contact your host to install cURL.
====End Log====


02-19-2019 @ 17:07:00 - ====Start Log====
cURL is not available. Sync aborted. Please contact your host to install cURL.
====End Log====


02-19-2019 @ 17:07:00 - ====Start Log====
cURL is not available. Sync aborted. Please contact your host to install cURL.
====End Log====


02-19-2019 @ 17:07:00 - ====Start Log====
cURL is not available. Sync aborted. Please contact your host to install cURL.
====End Log====


02-19-2019 @ 17:07:01 - ====Start Log====
cURL is not available. Sync aborted. Please contact your host to install cURL.
====End Log====


02-19-2019 @ 17:07:04 - ====Start Log====
cURL is not available. Sync aborted. Please contact your host to install cURL.
====End Log====


02-19-2019 @ 17:07:04 - ====Start Log====
cURL is not available. Sync aborted. Please contact your host to install cURL.
====End Log====


02-19-2019 @ 17:07:04 - ====Start Log====
cURL is not available. Sync aborted. Please contact your host to install cURL.
====End Log====


02-19-2019 @ 17:08:08 - ====Start Log====
cURL is not available. Sync aborted. Please contact your host to install cURL.
====End Log====


02-19-2019 @ 17:08:08 - ====Start Log====
cURL is not available. Sync aborted. Please contact your host to install cURL.
====End Log====


02-19-2019 @ 17:08:08 - ====Start Log====
cURL is not available. Sync aborted. Please contact your host to install cURL.
====End Log====


02-19-2019 @ 17:08:09 - ====Start Log====
cURL is not available. Sync aborted. Please contact your host to install cURL.
====End Log====


02-19-2019 @ 17:08:09 - ====Start Log====
cURL is not available. Sync aborted. Please contact your host to install cURL.
====End Log====


02-19-2019 @ 17:08:09 - ====Start Log====
cURL is not available. Sync aborted. Please contact your host to install cURL.
====End Log====


