02-23-2019 @ 12:16:37 - ====Start Log====
cURL is not available. Sync aborted. Please contact your host to install cURL.
====End Log====


02-23-2019 @ 12:16:37 - ====Start Log====
cURL is not available. Sync aborted. Please contact your host to install cURL.
====End Log====


02-23-2019 @ 12:16:40 - ====Start Log====
cURL is not available. Sync aborted. Please contact your host to install cURL.
====End Log====


02-23-2019 @ 12:16:41 - ====Start Log====
cURL is not available. Sync aborted. Please contact your host to install cURL.
====End Log====


02-23-2019 @ 12:16:41 - ====Start Log====
cURL is not available. Sync aborted. Please contact your host to install cURL.
====End Log====


02-23-2019 @ 12:16:42 - ====Start Log====
cURL is not available. Sync aborted. Please contact your host to install cURL.
====End Log====


02-23-2019 @ 12:16:42 - ====Start Log====
cURL is not available. Sync aborted. Please contact your host to install cURL.
====End Log====


02-23-2019 @ 12:46:42 - ====Start Log====
cURL is not available. Sync aborted. Please contact your host to install cURL.
====End Log====


02-23-2019 @ 12:46:42 - ====Start Log====
cURL is not available. Sync aborted. Please contact your host to install cURL.
====End Log====


02-23-2019 @ 12:46:43 - ====Start Log====
cURL is not available. Sync aborted. Please contact your host to install cURL.
====End Log====


02-23-2019 @ 12:46:43 - ====Start Log====
cURL is not available. Sync aborted. Please contact your host to install cURL.
====End Log====


02-23-2019 @ 12:46:43 - ====Start Log====
cURL is not available. Sync aborted. Please contact your host to install cURL.
====End Log====


02-23-2019 @ 12:46:43 - ====Start Log====
cURL is not available. Sync aborted. Please contact your host to install cURL.
====End Log====


02-23-2019 @ 12:47:13 - ====Start Log====
cURL is not available. Sync aborted. Please contact your host to install cURL.
====End Log====


02-23-2019 @ 12:47:13 - ====Start Log====
cURL is not available. Sync aborted. Please contact your host to install cURL.
====End Log====


02-23-2019 @ 12:47:13 - ====Start Log====
cURL is not available. Sync aborted. Please contact your host to install cURL.
====End Log====


02-23-2019 @ 12:47:14 - ====Start Log====
cURL is not available. Sync aborted. Please contact your host to install cURL.
====End Log====


02-23-2019 @ 12:47:14 - ====Start Log====
cURL is not available. Sync aborted. Please contact your host to install cURL.
====End Log====


02-23-2019 @ 12:47:18 - ====Start Log====
cURL is not available. Sync aborted. Please contact your host to install cURL.
====End Log====


02-23-2019 @ 12:47:18 - ====Start Log====
cURL is not available. Sync aborted. Please contact your host to install cURL.
====End Log====


02-23-2019 @ 12:48:18 - ====Start Log====
cURL is not available. Sync aborted. Please contact your host to install cURL.
====End Log====


02-23-2019 @ 12:48:18 - ====Start Log====
cURL is not available. Sync aborted. Please contact your host to install cURL.
====End Log====


02-23-2019 @ 12:48:36 - ====Start Log====
cURL is not available. Sync aborted. Please contact your host to install cURL.
====End Log====


02-23-2019 @ 12:48:40 - ====Start Log====
cURL is not available. Sync aborted. Please contact your host to install cURL.
====End Log====


02-23-2019 @ 12:48:40 - ====Start Log====
cURL is not available. Sync aborted. Please contact your host to install cURL.
====End Log====


02-23-2019 @ 12:49:36 - ====Start Log====
cURL is not available. Sync aborted. Please contact your host to install cURL.
====End Log====


02-23-2019 @ 12:49:48 - ====Start Log====
cURL is not available. Sync aborted. Please contact your host to install cURL.
====End Log====


02-23-2019 @ 12:49:48 - ====Start Log====
cURL is not available. Sync aborted. Please contact your host to install cURL.
====End Log====


02-23-2019 @ 12:50:09 - ====Start Log====
cURL is not available. Sync aborted. Please contact your host to install cURL.
====End Log====


02-23-2019 @ 12:50:12 - ====Start Log====
cURL is not available. Sync aborted. Please contact your host to install cURL.
====End Log====


02-23-2019 @ 12:50:17 - ====Start Log====
cURL is not available. Sync aborted. Please contact your host to install cURL.
====End Log====


02-23-2019 @ 12:50:21 - ====Start Log====
cURL is not available. Sync aborted. Please contact your host to install cURL.
====End Log====


02-23-2019 @ 12:50:25 - ====Start Log====
cURL is not available. Sync aborted. Please contact your host to install cURL.
====End Log====


02-23-2019 @ 12:51:25 - ====Start Log====
cURL is not available. Sync aborted. Please contact your host to install cURL.
====End Log====


02-23-2019 @ 12:51:26 - ====Start Log====
cURL is not available. Sync aborted. Please contact your host to install cURL.
====End Log====


02-23-2019 @ 12:51:27 - ====Start Log====
cURL is not available. Sync aborted. Please contact your host to install cURL.
====End Log====


02-23-2019 @ 12:51:40 - ====Start Log====
cURL is not available. Sync aborted. Please contact your host to install cURL.
====End Log====


02-23-2019 @ 12:51:40 - ====Start Log====
cURL is not available. Sync aborted. Please contact your host to install cURL.
====End Log====


02-23-2019 @ 12:51:41 - ====Start Log====
cURL is not available. Sync aborted. Please contact your host to install cURL.
====End Log====


02-23-2019 @ 12:51:41 - ====Start Log====
cURL is not available. Sync aborted. Please contact your host to install cURL.
====End Log====


02-23-2019 @ 12:51:41 - ====Start Log====
cURL is not available. Sync aborted. Please contact your host to install cURL.
====End Log====


02-23-2019 @ 12:51:41 - ====Start Log====
cURL is not available. Sync aborted. Please contact your host to install cURL.
====End Log====


02-23-2019 @ 12:51:52 - ====Start Log====
cURL is not available. Sync aborted. Please contact your host to install cURL.
====End Log====


02-23-2019 @ 12:51:52 - ====Start Log====
cURL is not available. Sync aborted. Please contact your host to install cURL.
====End Log====


02-23-2019 @ 12:51:53 - ====Start Log====
cURL is not available. Sync aborted. Please contact your host to install cURL.
====End Log====


02-23-2019 @ 12:51:56 - ====Start Log====
cURL is not available. Sync aborted. Please contact your host to install cURL.
====End Log====


02-23-2019 @ 12:51:57 - ====Start Log====
cURL is not available. Sync aborted. Please contact your host to install cURL.
====End Log====


02-23-2019 @ 12:51:57 - ====Start Log====
cURL is not available. Sync aborted. Please contact your host to install cURL.
====End Log====


02-23-2019 @ 12:52:28 - ====Start Log====
cURL is not available. Sync aborted. Please contact your host to install cURL.
====End Log====


02-23-2019 @ 12:52:39 - ====Start Log====
cURL is not available. Sync aborted. Please contact your host to install cURL.
====End Log====


02-23-2019 @ 12:52:39 - ====Start Log====
cURL is not available. Sync aborted. Please contact your host to install cURL.
====End Log====


02-23-2019 @ 12:52:48 - ====Start Log====
cURL is not available. Sync aborted. Please contact your host to install cURL.
====End Log====


02-23-2019 @ 12:52:48 - ====Start Log====
cURL is not available. Sync aborted. Please contact your host to install cURL.
====End Log====


02-23-2019 @ 12:52:49 - ====Start Log====
cURL is not available. Sync aborted. Please contact your host to install cURL.
====End Log====


02-23-2019 @ 12:52:49 - ====Start Log====
cURL is not available. Sync aborted. Please contact your host to install cURL.
====End Log====


02-23-2019 @ 12:53:05 - ====Start Log====
cURL is not available. Sync aborted. Please contact your host to install cURL.
====End Log====


02-23-2019 @ 12:53:06 - ====Start Log====
cURL is not available. Sync aborted. Please contact your host to install cURL.
====End Log====


02-23-2019 @ 12:53:18 - ====Start Log====
cURL is not available. Sync aborted. Please contact your host to install cURL.
====End Log====


02-23-2019 @ 12:53:18 - ====Start Log====
cURL is not available. Sync aborted. Please contact your host to install cURL.
====End Log====


02-23-2019 @ 12:53:19 - ====Start Log====
cURL is not available. Sync aborted. Please contact your host to install cURL.
====End Log====


02-23-2019 @ 12:53:34 - ====Start Log====
cURL is not available. Sync aborted. Please contact your host to install cURL.
====End Log====


02-23-2019 @ 12:53:49 - ====Start Log====
cURL is not available. Sync aborted. Please contact your host to install cURL.
====End Log====


02-23-2019 @ 12:53:49 - ====Start Log====
cURL is not available. Sync aborted. Please contact your host to install cURL.
====End Log====


02-23-2019 @ 12:54:04 - ====Start Log====
cURL is not available. Sync aborted. Please contact your host to install cURL.
====End Log====


02-23-2019 @ 12:54:19 - ====Start Log====
cURL is not available. Sync aborted. Please contact your host to install cURL.
====End Log====


02-23-2019 @ 12:54:21 - ====Start Log====
cURL is not available. Sync aborted. Please contact your host to install cURL.
====End Log====


02-23-2019 @ 12:54:35 - ====Start Log====
cURL is not available. Sync aborted. Please contact your host to install cURL.
====End Log====


02-23-2019 @ 12:54:35 - ====Start Log====
cURL is not available. Sync aborted. Please contact your host to install cURL.
====End Log====


02-23-2019 @ 12:54:36 - ====Start Log====
cURL is not available. Sync aborted. Please contact your host to install cURL.
====End Log====


02-23-2019 @ 12:54:39 - ====Start Log====
cURL is not available. Sync aborted. Please contact your host to install cURL.
====End Log====


02-23-2019 @ 12:54:39 - ====Start Log====
cURL is not available. Sync aborted. Please contact your host to install cURL.
====End Log====


02-23-2019 @ 12:54:40 - ====Start Log====
cURL is not available. Sync aborted. Please contact your host to install cURL.
====End Log====


02-23-2019 @ 12:54:40 - ====Start Log====
cURL is not available. Sync aborted. Please contact your host to install cURL.
====End Log====


02-23-2019 @ 12:54:40 - ====Start Log====
cURL is not available. Sync aborted. Please contact your host to install cURL.
====End Log====


02-23-2019 @ 12:54:40 - ====Start Log====
cURL is not available. Sync aborted. Please contact your host to install cURL.
====End Log====


02-23-2019 @ 12:56:13 - ====Start Log====
cURL is not available. Sync aborted. Please contact your host to install cURL.
====End Log====


02-23-2019 @ 12:56:13 - ====Start Log====
cURL is not available. Sync aborted. Please contact your host to install cURL.
====End Log====


02-23-2019 @ 12:56:13 - ====Start Log====
cURL is not available. Sync aborted. Please contact your host to install cURL.
====End Log====


02-23-2019 @ 12:56:13 - ====Start Log====
cURL is not available. Sync aborted. Please contact your host to install cURL.
====End Log====


02-23-2019 @ 13:03:08 - ====Start Log====
cURL is not available. Sync aborted. Please contact your host to install cURL.
====End Log====


02-23-2019 @ 13:03:08 - ====Start Log====
cURL is not available. Sync aborted. Please contact your host to install cURL.
====End Log====


02-23-2019 @ 13:03:10 - ====Start Log====
cURL is not available. Sync aborted. Please contact your host to install cURL.
====End Log====


02-23-2019 @ 13:03:10 - ====Start Log====
cURL is not available. Sync aborted. Please contact your host to install cURL.
====End Log====


02-23-2019 @ 13:03:11 - ====Start Log====
cURL is not available. Sync aborted. Please contact your host to install cURL.
====End Log====


02-23-2019 @ 13:03:15 - ====Start Log====
cURL is not available. Sync aborted. Please contact your host to install cURL.
====End Log====


02-23-2019 @ 13:03:16 - ====Start Log====
cURL is not available. Sync aborted. Please contact your host to install cURL.
====End Log====


02-23-2019 @ 13:03:16 - ====Start Log====
cURL is not available. Sync aborted. Please contact your host to install cURL.
====End Log====


02-23-2019 @ 13:05:52 - ====Start Log====
cURL is not available. Sync aborted. Please contact your host to install cURL.
====End Log====


02-23-2019 @ 13:05:52 - ====Start Log====
cURL is not available. Sync aborted. Please contact your host to install cURL.
====End Log====


02-23-2019 @ 13:11:58 - ====Start Log====
cURL is not available. Sync aborted. Please contact your host to install cURL.
====End Log====


02-23-2019 @ 13:11:58 - ====Start Log====
cURL is not available. Sync aborted. Please contact your host to install cURL.
====End Log====


02-23-2019 @ 13:31:03 - ====Start Log====
cURL is not available. Sync aborted. Please contact your host to install cURL.
====End Log====


02-23-2019 @ 13:31:03 - ====Start Log====
cURL is not available. Sync aborted. Please contact your host to install cURL.
====End Log====


02-23-2019 @ 13:31:04 - ====Start Log====
cURL is not available. Sync aborted. Please contact your host to install cURL.
====End Log====


02-23-2019 @ 13:31:39 - ====Start Log====
cURL is not available. Sync aborted. Please contact your host to install cURL.
====End Log====


02-23-2019 @ 13:31:39 - ====Start Log====
cURL is not available. Sync aborted. Please contact your host to install cURL.
====End Log====


02-23-2019 @ 13:31:47 - ====Start Log====
cURL is not available. Sync aborted. Please contact your host to install cURL.
====End Log====


02-23-2019 @ 13:32:00 - ====Start Log====
cURL is not available. Sync aborted. Please contact your host to install cURL.
====End Log====


02-23-2019 @ 13:32:06 - ====Start Log====
cURL is not available. Sync aborted. Please contact your host to install cURL.
====End Log====


02-23-2019 @ 13:32:21 - ====Start Log====
cURL is not available. Sync aborted. Please contact your host to install cURL.
====End Log====


02-23-2019 @ 13:33:21 - ====Start Log====
cURL is not available. Sync aborted. Please contact your host to install cURL.
====End Log====


02-23-2019 @ 13:33:21 - ====Start Log====
cURL is not available. Sync aborted. Please contact your host to install cURL.
====End Log====


02-23-2019 @ 13:33:36 - ====Start Log====
cURL is not available. Sync aborted. Please contact your host to install cURL.
====End Log====


02-23-2019 @ 13:33:41 - ====Start Log====
cURL is not available. Sync aborted. Please contact your host to install cURL.
====End Log====


02-23-2019 @ 13:33:42 - ====Start Log====
cURL is not available. Sync aborted. Please contact your host to install cURL.
====End Log====


02-23-2019 @ 13:34:42 - ====Start Log====
cURL is not available. Sync aborted. Please contact your host to install cURL.
====End Log====


02-23-2019 @ 13:34:42 - ====Start Log====
cURL is not available. Sync aborted. Please contact your host to install cURL.
====End Log====


02-23-2019 @ 13:35:10 - ====Start Log====
cURL is not available. Sync aborted. Please contact your host to install cURL.
====End Log====


02-23-2019 @ 13:35:15 - ====Start Log====
cURL is not available. Sync aborted. Please contact your host to install cURL.
====End Log====


02-23-2019 @ 13:35:37 - ====Start Log====
cURL is not available. Sync aborted. Please contact your host to install cURL.
====End Log====


02-23-2019 @ 13:35:37 - ====Start Log====
cURL is not available. Sync aborted. Please contact your host to install cURL.
====End Log====


02-23-2019 @ 13:35:50 - ====Start Log====
cURL is not available. Sync aborted. Please contact your host to install cURL.
====End Log====


02-23-2019 @ 13:36:15 - ====Start Log====
cURL is not available. Sync aborted. Please contact your host to install cURL.
====End Log====


02-23-2019 @ 13:36:21 - ====Start Log====
cURL is not available. Sync aborted. Please contact your host to install cURL.
====End Log====


02-23-2019 @ 13:36:35 - ====Start Log====
cURL is not available. Sync aborted. Please contact your host to install cURL.
====End Log====


02-23-2019 @ 13:36:35 - ====Start Log====
cURL is not available. Sync aborted. Please contact your host to install cURL.
====End Log====


02-23-2019 @ 13:36:43 - ====Start Log====
cURL is not available. Sync aborted. Please contact your host to install cURL.
====End Log====


02-23-2019 @ 13:36:43 - ====Start Log====
cURL is not available. Sync aborted. Please contact your host to install cURL.
====End Log====


02-23-2019 @ 13:36:51 - ====Start Log====
cURL is not available. Sync aborted. Please contact your host to install cURL.
====End Log====


02-23-2019 @ 13:36:52 - ====Start Log====
cURL is not available. Sync aborted. Please contact your host to install cURL.
====End Log====


02-23-2019 @ 13:36:57 - ====Start Log====
cURL is not available. Sync aborted. Please contact your host to install cURL.
====End Log====


02-23-2019 @ 13:37:06 - ====Start Log====
cURL is not available. Sync aborted. Please contact your host to install cURL.
====End Log====


02-23-2019 @ 13:37:06 - ====Start Log====
cURL is not available. Sync aborted. Please contact your host to install cURL.
====End Log====


02-23-2019 @ 13:37:07 - ====Start Log====
cURL is not available. Sync aborted. Please contact your host to install cURL.
====End Log====


02-23-2019 @ 13:37:23 - ====Start Log====
cURL is not available. Sync aborted. Please contact your host to install cURL.
====End Log====


02-23-2019 @ 13:37:26 - ====Start Log====
cURL is not available. Sync aborted. Please contact your host to install cURL.
====End Log====


02-23-2019 @ 13:37:28 - ====Start Log====
cURL is not available. Sync aborted. Please contact your host to install cURL.
====End Log====


02-23-2019 @ 13:37:28 - ====Start Log====
cURL is not available. Sync aborted. Please contact your host to install cURL.
====End Log====


02-23-2019 @ 13:37:29 - ====Start Log====
cURL is not available. Sync aborted. Please contact your host to install cURL.
====End Log====


02-23-2019 @ 13:37:30 - ====Start Log====
cURL is not available. Sync aborted. Please contact your host to install cURL.
====End Log====


02-23-2019 @ 13:37:30 - ====Start Log====
cURL is not available. Sync aborted. Please contact your host to install cURL.
====End Log====


02-23-2019 @ 13:37:30 - ====Start Log====
cURL is not available. Sync aborted. Please contact your host to install cURL.
====End Log====


02-23-2019 @ 13:37:30 - ====Start Log====
cURL is not available. Sync aborted. Please contact your host to install cURL.
====End Log====


02-23-2019 @ 13:37:30 - ====Start Log====
cURL is not available. Sync aborted. Please contact your host to install cURL.
====End Log====


02-23-2019 @ 13:37:30 - ====Start Log====
cURL is not available. Sync aborted. Please contact your host to install cURL.
====End Log====


02-23-2019 @ 13:40:55 - ====Start Log====
cURL is not available. Sync aborted. Please contact your host to install cURL.
====End Log====


02-23-2019 @ 13:40:55 - ====Start Log====
cURL is not available. Sync aborted. Please contact your host to install cURL.
====End Log====


02-23-2019 @ 13:40:56 - ====Start Log====
cURL is not available. Sync aborted. Please contact your host to install cURL.
====End Log====


02-23-2019 @ 13:40:56 - ====Start Log====
cURL is not available. Sync aborted. Please contact your host to install cURL.
====End Log====


02-23-2019 @ 13:40:56 - ====Start Log====
cURL is not available. Sync aborted. Please contact your host to install cURL.
====End Log====


02-23-2019 @ 13:40:56 - ====Start Log====
cURL is not available. Sync aborted. Please contact your host to install cURL.
====End Log====


02-23-2019 @ 13:40:56 - ====Start Log====
cURL is not available. Sync aborted. Please contact your host to install cURL.
====End Log====


02-23-2019 @ 13:49:53 - ====Start Log====
cURL is not available. Sync aborted. Please contact your host to install cURL.
====End Log====


02-23-2019 @ 13:49:53 - ====Start Log====
cURL is not available. Sync aborted. Please contact your host to install cURL.
====End Log====


02-23-2019 @ 13:49:55 - ====Start Log====
cURL is not available. Sync aborted. Please contact your host to install cURL.
====End Log====


02-23-2019 @ 13:49:59 - ====Start Log====
cURL is not available. Sync aborted. Please contact your host to install cURL.
====End Log====


02-23-2019 @ 13:49:59 - ====Start Log====
cURL is not available. Sync aborted. Please contact your host to install cURL.
====End Log====


02-23-2019 @ 13:49:59 - ====Start Log====
cURL is not available. Sync aborted. Please contact your host to install cURL.
====End Log====


02-23-2019 @ 13:50:11 - ====Start Log====
cURL is not available. Sync aborted. Please contact your host to install cURL.
====End Log====


02-23-2019 @ 13:50:15 - ====Start Log====
cURL is not available. Sync aborted. Please contact your host to install cURL.
====End Log====


02-23-2019 @ 13:50:15 - ====Start Log====
cURL is not available. Sync aborted. Please contact your host to install cURL.
====End Log====


02-23-2019 @ 13:50:18 - ====Start Log====
cURL is not available. Sync aborted. Please contact your host to install cURL.
====End Log====


02-23-2019 @ 13:50:29 - ====Start Log====
cURL is not available. Sync aborted. Please contact your host to install cURL.
====End Log====


02-23-2019 @ 13:50:31 - ====Start Log====
cURL is not available. Sync aborted. Please contact your host to install cURL.
====End Log====


02-23-2019 @ 13:50:39 - ====Start Log====
cURL is not available. Sync aborted. Please contact your host to install cURL.
====End Log====


02-23-2019 @ 13:50:41 - ====Start Log====
cURL is not available. Sync aborted. Please contact your host to install cURL.
====End Log====


02-23-2019 @ 13:50:42 - ====Start Log====
cURL is not available. Sync aborted. Please contact your host to install cURL.
====End Log====


02-23-2019 @ 13:50:45 - ====Start Log====
cURL is not available. Sync aborted. Please contact your host to install cURL.
====End Log====


02-23-2019 @ 13:50:46 - ====Start Log====
cURL is not available. Sync aborted. Please contact your host to install cURL.
====End Log====


02-23-2019 @ 13:50:46 - ====Start Log====
cURL is not available. Sync aborted. Please contact your host to install cURL.
====End Log====


02-23-2019 @ 13:50:46 - ====Start Log====
cURL is not available. Sync aborted. Please contact your host to install cURL.
====End Log====


02-23-2019 @ 13:50:46 - ====Start Log====
cURL is not available. Sync aborted. Please contact your host to install cURL.
====End Log====


02-23-2019 @ 13:50:46 - ====Start Log====
cURL is not available. Sync aborted. Please contact your host to install cURL.
====End Log====


02-23-2019 @ 13:51:24 - ====Start Log====
cURL is not available. Sync aborted. Please contact your host to install cURL.
====End Log====


02-23-2019 @ 13:51:24 - ====Start Log====
cURL is not available. Sync aborted. Please contact your host to install cURL.
====End Log====


02-23-2019 @ 13:51:25 - ====Start Log====
cURL is not available. Sync aborted. Please contact your host to install cURL.
====End Log====


02-23-2019 @ 13:51:25 - ====Start Log====
cURL is not available. Sync aborted. Please contact your host to install cURL.
====End Log====


02-23-2019 @ 13:51:25 - ====Start Log====
cURL is not available. Sync aborted. Please contact your host to install cURL.
====End Log====


02-23-2019 @ 13:51:25 - ====Start Log====
cURL is not available. Sync aborted. Please contact your host to install cURL.
====End Log====


02-23-2019 @ 13:52:10 - ====Start Log====
cURL is not available. Sync aborted. Please contact your host to install cURL.
====End Log====


02-23-2019 @ 13:52:10 - ====Start Log====
cURL is not available. Sync aborted. Please contact your host to install cURL.
====End Log====


02-23-2019 @ 13:52:10 - ====Start Log====
cURL is not available. Sync aborted. Please contact your host to install cURL.
====End Log====


02-23-2019 @ 13:52:10 - ====Start Log====
[WC -> Square] Skipping WC Product 53 since it has no SKUs.
====End Log====


02-23-2019 @ 13:52:52 - ====Start Log====
cURL is not available. Sync aborted. Please contact your host to install cURL.
====End Log====


02-23-2019 @ 13:52:52 - ====Start Log====
cURL is not available. Sync aborted. Please contact your host to install cURL.
====End Log====


02-23-2019 @ 13:52:52 - ====Start Log====
cURL is not available. Sync aborted. Please contact your host to install cURL.
====End Log====


02-23-2019 @ 13:52:57 - ====Start Log====
cURL is not available. Sync aborted. Please contact your host to install cURL.
====End Log====


02-23-2019 @ 13:52:57 - ====Start Log====
cURL is not available. Sync aborted. Please contact your host to install cURL.
====End Log====


02-23-2019 @ 13:52:57 - ====Start Log====
cURL is not available. Sync aborted. Please contact your host to install cURL.
====End Log====


02-23-2019 @ 13:52:57 - ====Start Log====
cURL is not available. Sync aborted. Please contact your host to install cURL.
====End Log====


02-23-2019 @ 13:53:29 - ====Start Log====
cURL is not available. Sync aborted. Please contact your host to install cURL.
====End Log====


02-23-2019 @ 13:53:30 - ====Start Log====
cURL is not available. Sync aborted. Please contact your host to install cURL.
====End Log====


02-23-2019 @ 13:53:30 - ====Start Log====
cURL is not available. Sync aborted. Please contact your host to install cURL.
====End Log====


02-23-2019 @ 13:53:30 - ====Start Log====
cURL is not available. Sync aborted. Please contact your host to install cURL.
====End Log====


02-23-2019 @ 13:53:30 - ====Start Log====
cURL is not available. Sync aborted. Please contact your host to install cURL.
====End Log====


02-23-2019 @ 13:55:30 - ====Start Log====
cURL is not available. Sync aborted. Please contact your host to install cURL.
====End Log====


02-23-2019 @ 13:55:30 - ====Start Log====
cURL is not available. Sync aborted. Please contact your host to install cURL.
====End Log====


02-23-2019 @ 13:55:30 - ====Start Log====
cURL is not available. Sync aborted. Please contact your host to install cURL.
====End Log====


02-23-2019 @ 13:56:09 - ====Start Log====
cURL is not available. Sync aborted. Please contact your host to install cURL.
====End Log====


02-23-2019 @ 13:56:09 - ====Start Log====
cURL is not available. Sync aborted. Please contact your host to install cURL.
====End Log====


02-23-2019 @ 13:56:09 - ====Start Log====
cURL is not available. Sync aborted. Please contact your host to install cURL.
====End Log====


02-23-2019 @ 13:56:09 - ====Start Log====
cURL is not available. Sync aborted. Please contact your host to install cURL.
====End Log====


02-23-2019 @ 13:56:09 - ====Start Log====
cURL is not available. Sync aborted. Please contact your host to install cURL.
====End Log====


02-23-2019 @ 13:56:10 - ====Start Log====
cURL is not available. Sync aborted. Please contact your host to install cURL.
====End Log====


02-23-2019 @ 13:59:37 - ====Start Log====
cURL is not available. Sync aborted. Please contact your host to install cURL.
====End Log====


02-23-2019 @ 13:59:37 - ====Start Log====
cURL is not available. Sync aborted. Please contact your host to install cURL.
====End Log====


02-23-2019 @ 13:59:37 - ====Start Log====
cURL is not available. Sync aborted. Please contact your host to install cURL.
====End Log====


02-23-2019 @ 14:01:31 - ====Start Log====
cURL is not available. Sync aborted. Please contact your host to install cURL.
====End Log====


02-23-2019 @ 14:01:31 - ====Start Log====
cURL is not available. Sync aborted. Please contact your host to install cURL.
====End Log====


02-23-2019 @ 14:01:31 - ====Start Log====
cURL is not available. Sync aborted. Please contact your host to install cURL.
====End Log====


02-23-2019 @ 14:01:32 - ====Start Log====
cURL is not available. Sync aborted. Please contact your host to install cURL.
====End Log====


02-23-2019 @ 14:01:32 - ====Start Log====
cURL is not available. Sync aborted. Please contact your host to install cURL.
====End Log====


02-23-2019 @ 14:01:32 - ====Start Log====
cURL is not available. Sync aborted. Please contact your host to install cURL.
====End Log====


02-23-2019 @ 14:03:09 - ====Start Log====
cURL is not available. Sync aborted. Please contact your host to install cURL.
====End Log====


02-23-2019 @ 14:03:09 - ====Start Log====
cURL is not available. Sync aborted. Please contact your host to install cURL.
====End Log====


02-23-2019 @ 14:03:09 - ====Start Log====
cURL is not available. Sync aborted. Please contact your host to install cURL.
====End Log====


02-23-2019 @ 14:05:11 - ====Start Log====
cURL is not available. Sync aborted. Please contact your host to install cURL.
====End Log====


02-23-2019 @ 14:05:11 - ====Start Log====
cURL is not available. Sync aborted. Please contact your host to install cURL.
====End Log====


02-23-2019 @ 14:05:12 - ====Start Log====
cURL is not available. Sync aborted. Please contact your host to install cURL.
====End Log====


02-23-2019 @ 14:05:13 - ====Start Log====
cURL is not available. Sync aborted. Please contact your host to install cURL.
====End Log====


02-23-2019 @ 14:05:13 - ====Start Log====
cURL is not available. Sync aborted. Please contact your host to install cURL.
====End Log====


02-23-2019 @ 14:05:59 - ====Start Log====
cURL is not available. Sync aborted. Please contact your host to install cURL.
====End Log====


02-23-2019 @ 14:05:59 - ====Start Log====
cURL is not available. Sync aborted. Please contact your host to install cURL.
====End Log====


02-23-2019 @ 14:05:59 - ====Start Log====
cURL is not available. Sync aborted. Please contact your host to install cURL.
====End Log====


02-23-2019 @ 14:06:00 - ====Start Log====
cURL is not available. Sync aborted. Please contact your host to install cURL.
====End Log====


02-23-2019 @ 14:06:00 - ====Start Log====
cURL is not available. Sync aborted. Please contact your host to install cURL.
====End Log====


02-23-2019 @ 14:06:00 - ====Start Log====
cURL is not available. Sync aborted. Please contact your host to install cURL.
====End Log====


02-23-2019 @ 14:08:11 - ====Start Log====
cURL is not available. Sync aborted. Please contact your host to install cURL.
====End Log====


02-23-2019 @ 14:08:11 - ====Start Log====
cURL is not available. Sync aborted. Please contact your host to install cURL.
====End Log====


02-23-2019 @ 14:08:11 - ====Start Log====
cURL is not available. Sync aborted. Please contact your host to install cURL.
====End Log====


02-23-2019 @ 14:08:12 - ====Start Log====
cURL is not available. Sync aborted. Please contact your host to install cURL.
====End Log====


02-23-2019 @ 14:08:12 - ====Start Log====
cURL is not available. Sync aborted. Please contact your host to install cURL.
====End Log====


02-23-2019 @ 14:08:12 - ====Start Log====
cURL is not available. Sync aborted. Please contact your host to install cURL.
====End Log====


02-23-2019 @ 14:11:01 - ====Start Log====
cURL is not available. Sync aborted. Please contact your host to install cURL.
====End Log====


02-23-2019 @ 14:11:01 - ====Start Log====
cURL is not available. Sync aborted. Please contact your host to install cURL.
====End Log====


02-23-2019 @ 14:11:01 - ====Start Log====
cURL is not available. Sync aborted. Please contact your host to install cURL.
====End Log====


02-23-2019 @ 14:11:01 - ====Start Log====
cURL is not available. Sync aborted. Please contact your host to install cURL.
====End Log====


02-23-2019 @ 14:11:01 - ====Start Log====
cURL is not available. Sync aborted. Please contact your host to install cURL.
====End Log====


02-23-2019 @ 14:11:02 - ====Start Log====
cURL is not available. Sync aborted. Please contact your host to install cURL.
====End Log====


02-23-2019 @ 14:11:57 - ====Start Log====
cURL is not available. Sync aborted. Please contact your host to install cURL.
====End Log====


02-23-2019 @ 14:11:58 - ====Start Log====
cURL is not available. Sync aborted. Please contact your host to install cURL.
====End Log====


02-23-2019 @ 14:11:58 - ====Start Log====
cURL is not available. Sync aborted. Please contact your host to install cURL.
====End Log====


02-23-2019 @ 14:11:58 - ====Start Log====
cURL is not available. Sync aborted. Please contact your host to install cURL.
====End Log====


02-23-2019 @ 14:11:58 - ====Start Log====
cURL is not available. Sync aborted. Please contact your host to install cURL.
====End Log====


02-23-2019 @ 14:11:58 - ====Start Log====
cURL is not available. Sync aborted. Please contact your host to install cURL.
====End Log====


02-23-2019 @ 14:12:12 - ====Start Log====
cURL is not available. Sync aborted. Please contact your host to install cURL.
====End Log====


02-23-2019 @ 14:12:12 - ====Start Log====
cURL is not available. Sync aborted. Please contact your host to install cURL.
====End Log====


02-23-2019 @ 14:12:12 - ====Start Log====
cURL is not available. Sync aborted. Please contact your host to install cURL.
====End Log====


02-23-2019 @ 14:12:12 - ====Start Log====
cURL is not available. Sync aborted. Please contact your host to install cURL.
====End Log====


02-23-2019 @ 14:12:12 - ====Start Log====
cURL is not available. Sync aborted. Please contact your host to install cURL.
====End Log====


02-23-2019 @ 14:13:03 - ====Start Log====
cURL is not available. Sync aborted. Please contact your host to install cURL.
====End Log====


02-23-2019 @ 14:13:03 - ====Start Log====
cURL is not available. Sync aborted. Please contact your host to install cURL.
====End Log====


02-23-2019 @ 14:13:03 - ====Start Log====
cURL is not available. Sync aborted. Please contact your host to install cURL.
====End Log====


02-23-2019 @ 14:13:04 - ====Start Log====
cURL is not available. Sync aborted. Please contact your host to install cURL.
====End Log====


02-23-2019 @ 14:13:04 - ====Start Log====
cURL is not available. Sync aborted. Please contact your host to install cURL.
====End Log====


02-23-2019 @ 14:13:04 - ====Start Log====
cURL is not available. Sync aborted. Please contact your host to install cURL.
====End Log====


02-23-2019 @ 14:13:34 - ====Start Log====
cURL is not available. Sync aborted. Please contact your host to install cURL.
====End Log====


02-23-2019 @ 14:13:36 - ====Start Log====
cURL is not available. Sync aborted. Please contact your host to install cURL.
====End Log====


02-23-2019 @ 14:13:40 - ====Start Log====
cURL is not available. Sync aborted. Please contact your host to install cURL.
====End Log====


02-23-2019 @ 14:13:40 - ====Start Log====
cURL is not available. Sync aborted. Please contact your host to install cURL.
====End Log====


02-23-2019 @ 14:13:55 - ====Start Log====
cURL is not available. Sync aborted. Please contact your host to install cURL.
====End Log====


02-23-2019 @ 14:13:57 - ====Start Log====
cURL is not available. Sync aborted. Please contact your host to install cURL.
====End Log====


02-23-2019 @ 14:13:58 - ====Start Log====
cURL is not available. Sync aborted. Please contact your host to install cURL.
====End Log====


02-23-2019 @ 14:13:58 - ====Start Log====
cURL is not available. Sync aborted. Please contact your host to install cURL.
====End Log====


02-23-2019 @ 14:13:58 - ====Start Log====
cURL is not available. Sync aborted. Please contact your host to install cURL.
====End Log====


02-23-2019 @ 14:13:58 - ====Start Log====
cURL is not available. Sync aborted. Please contact your host to install cURL.
====End Log====


02-23-2019 @ 14:14:41 - ====Start Log====
cURL is not available. Sync aborted. Please contact your host to install cURL.
====End Log====


02-23-2019 @ 14:14:41 - ====Start Log====
cURL is not available. Sync aborted. Please contact your host to install cURL.
====End Log====


02-23-2019 @ 14:14:41 - ====Start Log====
cURL is not available. Sync aborted. Please contact your host to install cURL.
====End Log====


02-23-2019 @ 14:14:41 - ====Start Log====
cURL is not available. Sync aborted. Please contact your host to install cURL.
====End Log====


02-23-2019 @ 14:14:41 - ====Start Log====
cURL is not available. Sync aborted. Please contact your host to install cURL.
====End Log====


02-23-2019 @ 14:14:41 - ====Start Log====
cURL is not available. Sync aborted. Please contact your host to install cURL.
====End Log====


02-23-2019 @ 14:15:28 - ====Start Log====
cURL is not available. Sync aborted. Please contact your host to install cURL.
====End Log====


02-23-2019 @ 14:15:28 - ====Start Log====
cURL is not available. Sync aborted. Please contact your host to install cURL.
====End Log====


02-23-2019 @ 14:15:29 - ====Start Log====
cURL is not available. Sync aborted. Please contact your host to install cURL.
====End Log====


02-23-2019 @ 14:15:29 - ====Start Log====
cURL is not available. Sync aborted. Please contact your host to install cURL.
====End Log====


02-23-2019 @ 14:15:29 - ====Start Log====
cURL is not available. Sync aborted. Please contact your host to install cURL.
====End Log====


02-23-2019 @ 14:18:26 - ====Start Log====
cURL is not available. Sync aborted. Please contact your host to install cURL.
====End Log====


02-23-2019 @ 14:18:26 - ====Start Log====
cURL is not available. Sync aborted. Please contact your host to install cURL.
====End Log====


02-23-2019 @ 14:18:27 - ====Start Log====
cURL is not available. Sync aborted. Please contact your host to install cURL.
====End Log====


02-23-2019 @ 14:18:27 - ====Start Log====
cURL is not available. Sync aborted. Please contact your host to install cURL.
====End Log====


02-23-2019 @ 14:18:27 - ====Start Log====
cURL is not available. Sync aborted. Please contact your host to install cURL.
====End Log====


02-23-2019 @ 14:18:27 - ====Start Log====
cURL is not available. Sync aborted. Please contact your host to install cURL.
====End Log====


02-23-2019 @ 14:18:33 - ====Start Log====
cURL is not available. Sync aborted. Please contact your host to install cURL.
====End Log====


02-23-2019 @ 14:18:35 - ====Start Log====
cURL is not available. Sync aborted. Please contact your host to install cURL.
====End Log====


02-23-2019 @ 14:18:38 - ====Start Log====
cURL is not available. Sync aborted. Please contact your host to install cURL.
====End Log====


02-23-2019 @ 14:18:39 - ====Start Log====
cURL is not available. Sync aborted. Please contact your host to install cURL.
====End Log====


02-23-2019 @ 14:18:39 - ====Start Log====
cURL is not available. Sync aborted. Please contact your host to install cURL.
====End Log====


02-23-2019 @ 14:18:42 - ====Start Log====
cURL is not available. Sync aborted. Please contact your host to install cURL.
====End Log====


02-23-2019 @ 14:18:49 - ====Start Log====
cURL is not available. Sync aborted. Please contact your host to install cURL.
====End Log====


02-23-2019 @ 14:18:51 - ====Start Log====
cURL is not available. Sync aborted. Please contact your host to install cURL.
====End Log====


02-23-2019 @ 14:18:54 - ====Start Log====
cURL is not available. Sync aborted. Please contact your host to install cURL.
====End Log====


02-23-2019 @ 14:18:56 - ====Start Log====
cURL is not available. Sync aborted. Please contact your host to install cURL.
====End Log====


02-23-2019 @ 14:18:57 - ====Start Log====
cURL is not available. Sync aborted. Please contact your host to install cURL.
====End Log====


02-23-2019 @ 14:18:58 - ====Start Log====
cURL is not available. Sync aborted. Please contact your host to install cURL.
====End Log====


02-23-2019 @ 14:18:58 - ====Start Log====
cURL is not available. Sync aborted. Please contact your host to install cURL.
====End Log====


02-23-2019 @ 14:18:58 - ====Start Log====
cURL is not available. Sync aborted. Please contact your host to install cURL.
====End Log====


02-23-2019 @ 14:18:59 - ====Start Log====
cURL is not available. Sync aborted. Please contact your host to install cURL.
====End Log====


02-23-2019 @ 14:18:59 - ====Start Log====
cURL is not available. Sync aborted. Please contact your host to install cURL.
====End Log====


02-23-2019 @ 14:18:59 - ====Start Log====
cURL is not available. Sync aborted. Please contact your host to install cURL.
====End Log====


02-23-2019 @ 14:20:06 - ====Start Log====
cURL is not available. Sync aborted. Please contact your host to install cURL.
====End Log====


02-23-2019 @ 14:20:06 - ====Start Log====
cURL is not available. Sync aborted. Please contact your host to install cURL.
====End Log====


02-23-2019 @ 14:20:06 - ====Start Log====
cURL is not available. Sync aborted. Please contact your host to install cURL.
====End Log====


02-23-2019 @ 14:20:06 - ====Start Log====
cURL is not available. Sync aborted. Please contact your host to install cURL.
====End Log====


02-23-2019 @ 14:20:06 - ====Start Log====
cURL is not available. Sync aborted. Please contact your host to install cURL.
====End Log====


02-23-2019 @ 14:20:06 - ====Start Log====
[WC -> Square] Skipping WC Product 52 since it has no SKUs.
====End Log====


02-23-2019 @ 14:20:06 - ====Start Log====
cURL is not available. Sync aborted. Please contact your host to install cURL.
====End Log====


02-23-2019 @ 14:21:53 - ====Start Log====
cURL is not available. Sync aborted. Please contact your host to install cURL.
====End Log====


02-23-2019 @ 14:21:53 - ====Start Log====
cURL is not available. Sync aborted. Please contact your host to install cURL.
====End Log====


02-23-2019 @ 14:21:54 - ====Start Log====
cURL is not available. Sync aborted. Please contact your host to install cURL.
====End Log====


02-23-2019 @ 14:21:54 - ====Start Log====
cURL is not available. Sync aborted. Please contact your host to install cURL.
====End Log====


02-23-2019 @ 14:21:54 - ====Start Log====
cURL is not available. Sync aborted. Please contact your host to install cURL.
====End Log====


02-23-2019 @ 14:21:54 - ====Start Log====
cURL is not available. Sync aborted. Please contact your host to install cURL.
====End Log====


02-23-2019 @ 14:21:58 - ====Start Log====
cURL is not available. Sync aborted. Please contact your host to install cURL.
====End Log====


02-23-2019 @ 14:21:58 - ====Start Log====
cURL is not available. Sync aborted. Please contact your host to install cURL.
====End Log====


02-23-2019 @ 14:23:49 - ====Start Log====
cURL is not available. Sync aborted. Please contact your host to install cURL.
====End Log====


02-23-2019 @ 14:23:49 - ====Start Log====
cURL is not available. Sync aborted. Please contact your host to install cURL.
====End Log====


02-23-2019 @ 14:23:49 - ====Start Log====
cURL is not available. Sync aborted. Please contact your host to install cURL.
====End Log====


02-23-2019 @ 14:24:01 - ====Start Log====
cURL is not available. Sync aborted. Please contact your host to install cURL.
====End Log====


02-23-2019 @ 14:24:01 - ====Start Log====
cURL is not available. Sync aborted. Please contact your host to install cURL.
====End Log====


02-23-2019 @ 14:24:01 - ====Start Log====
cURL is not available. Sync aborted. Please contact your host to install cURL.
====End Log====


02-23-2019 @ 14:26:08 - ====Start Log====
cURL is not available. Sync aborted. Please contact your host to install cURL.
====End Log====


02-23-2019 @ 14:26:08 - ====Start Log====
cURL is not available. Sync aborted. Please contact your host to install cURL.
====End Log====


02-23-2019 @ 14:26:08 - ====Start Log====
cURL is not available. Sync aborted. Please contact your host to install cURL.
====End Log====


02-23-2019 @ 14:26:09 - ====Start Log====
cURL is not available. Sync aborted. Please contact your host to install cURL.
====End Log====


02-23-2019 @ 14:26:09 - ====Start Log====
cURL is not available. Sync aborted. Please contact your host to install cURL.
====End Log====


02-23-2019 @ 14:26:09 - ====Start Log====
cURL is not available. Sync aborted. Please contact your host to install cURL.
====End Log====


02-23-2019 @ 14:26:47 - ====Start Log====
cURL is not available. Sync aborted. Please contact your host to install cURL.
====End Log====


02-23-2019 @ 14:26:48 - ====Start Log====
cURL is not available. Sync aborted. Please contact your host to install cURL.
====End Log====


02-23-2019 @ 14:26:48 - ====Start Log====
cURL is not available. Sync aborted. Please contact your host to install cURL.
====End Log====


02-23-2019 @ 14:26:48 - ====Start Log====
cURL is not available. Sync aborted. Please contact your host to install cURL.
====End Log====


02-23-2019 @ 14:26:48 - ====Start Log====
cURL is not available. Sync aborted. Please contact your host to install cURL.
====End Log====


02-23-2019 @ 14:26:48 - ====Start Log====
cURL is not available. Sync aborted. Please contact your host to install cURL.
====End Log====


