<<<<<<< HEAD
02-22-2019 @ 13:09:38 - ====Start Log====
[WC -> Square] Skipping WC Product 52 since it has no SKUs.
====End Log====


02-22-2019 @ 13:10:00 - ====Start Log====
[WC -> Square] Skipping WC Product 50 since it has no SKUs.
====End Log====


02-22-2019 @ 13:10:27 - ====Start Log====
[WC -> Square] Skipping WC Product 52 since it has no SKUs.
====End Log====


02-22-2019 @ 13:10:50 - ====Start Log====
[WC -> Square] Skipping WC Product 53 since it has no SKUs.
====End Log====


02-22-2019 @ 13:11:52 - ====Start Log====
[WC -> Square] Skipping WC Product 9 since it has no SKUs.
====End Log====


02-22-2019 @ 13:12:58 - ====Start Log====
[WC -> Square] Skipping WC Product 11 since it has no SKUs.
====End Log====


02-22-2019 @ 13:13:46 - ====Start Log====
[WC -> Square] Skipping WC Product 51 since it has no SKUs.
====End Log====


02-22-2019 @ 13:14:53 - ====Start Log====
[WC -> Square] Skipping WC Product 52 since it has no SKUs.
====End Log====


02-22-2019 @ 13:16:09 - ====Start Log====
[WC -> Square] Skipping WC Product 50 since it has no SKUs.
====End Log====


02-22-2019 @ 13:16:09 - ====Start Log====
[WC -> Square] Skipping WC Product 51 since it has no SKUs.
====End Log====


02-22-2019 @ 13:20:02 - ====Start Log====
[WC -> Square] Skipping WC Product 51 since it has no SKUs.
====End Log====


02-22-2019 @ 13:20:02 - ====Start Log====
[WC -> Square] Skipping WC Product 51 since it has no SKUs.
====End Log====


02-22-2019 @ 13:20:02 - ====Start Log====
[WC -> Square] Skipping WC Product 9 since it has no SKUs.
====End Log====


02-22-2019 @ 13:40:57 - ====Start Log====
[WC -> Square] Skipping WC Product 9 since it has no SKUs.
====End Log====


02-22-2019 @ 13:41:12 - ====Start Log====
[WC -> Square] Skipping WC Product 9 since it has no SKUs.
====End Log====


02-22-2019 @ 13:42:42 - ====Start Log====
[WC -> Square] Skipping WC Product 9 since it has no SKUs.
=======
02-22-2019 @ 12:42:03 - ====Start Log====
cURL is not available. Sync aborted. Please contact your host to install cURL.
====End Log====


02-22-2019 @ 12:42:08 - ====Start Log====
cURL is not available. Sync aborted. Please contact your host to install cURL.
====End Log====


02-22-2019 @ 12:42:15 - ====Start Log====
cURL is not available. Sync aborted. Please contact your host to install cURL.
====End Log====


02-22-2019 @ 12:42:17 - ====Start Log====
cURL is not available. Sync aborted. Please contact your host to install cURL.
====End Log====


02-22-2019 @ 12:42:17 - ====Start Log====
cURL is not available. Sync aborted. Please contact your host to install cURL.
====End Log====


02-22-2019 @ 12:42:17 - ====Start Log====
cURL is not available. Sync aborted. Please contact your host to install cURL.
====End Log====


02-22-2019 @ 12:42:18 - ====Start Log====
cURL is not available. Sync aborted. Please contact your host to install cURL.
====End Log====


02-22-2019 @ 12:45:30 - ====Start Log====
cURL is not available. Sync aborted. Please contact your host to install cURL.
====End Log====


02-22-2019 @ 12:45:31 - ====Start Log====
cURL is not available. Sync aborted. Please contact your host to install cURL.
====End Log====


02-22-2019 @ 12:45:31 - ====Start Log====
cURL is not available. Sync aborted. Please contact your host to install cURL.
====End Log====


02-22-2019 @ 12:45:32 - ====Start Log====
cURL is not available. Sync aborted. Please contact your host to install cURL.
====End Log====


02-22-2019 @ 12:45:32 - ====Start Log====
cURL is not available. Sync aborted. Please contact your host to install cURL.
====End Log====


02-22-2019 @ 12:45:32 - ====Start Log====
cURL is not available. Sync aborted. Please contact your host to install cURL.
====End Log====


02-22-2019 @ 13:10:12 - ====Start Log====
cURL is not available. Sync aborted. Please contact your host to install cURL.
====End Log====


02-22-2019 @ 13:10:12 - ====Start Log====
cURL is not available. Sync aborted. Please contact your host to install cURL.
====End Log====


02-22-2019 @ 13:10:12 - ====Start Log====
cURL is not available. Sync aborted. Please contact your host to install cURL.
====End Log====


02-22-2019 @ 13:10:13 - ====Start Log====
cURL is not available. Sync aborted. Please contact your host to install cURL.
====End Log====


02-22-2019 @ 13:10:13 - ====Start Log====
cURL is not available. Sync aborted. Please contact your host to install cURL.
====End Log====


02-22-2019 @ 13:10:13 - ====Start Log====
cURL is not available. Sync aborted. Please contact your host to install cURL.
====End Log====


02-22-2019 @ 13:18:38 - ====Start Log====
cURL is not available. Sync aborted. Please contact your host to install cURL.
====End Log====


02-22-2019 @ 13:18:38 - ====Start Log====
cURL is not available. Sync aborted. Please contact your host to install cURL.
====End Log====


02-22-2019 @ 13:18:38 - ====Start Log====
cURL is not available. Sync aborted. Please contact your host to install cURL.
====End Log====


02-22-2019 @ 13:18:39 - ====Start Log====
cURL is not available. Sync aborted. Please contact your host to install cURL.
====End Log====


02-22-2019 @ 13:18:39 - ====Start Log====
cURL is not available. Sync aborted. Please contact your host to install cURL.
====End Log====


02-22-2019 @ 13:18:39 - ====Start Log====
cURL is not available. Sync aborted. Please contact your host to install cURL.
====End Log====


02-22-2019 @ 13:18:44 - ====Start Log====
cURL is not available. Sync aborted. Please contact your host to install cURL.
====End Log====


02-22-2019 @ 13:18:44 - ====Start Log====
cURL is not available. Sync aborted. Please contact your host to install cURL.
====End Log====


02-22-2019 @ 13:18:48 - ====Start Log====
cURL is not available. Sync aborted. Please contact your host to install cURL.
====End Log====


02-22-2019 @ 13:18:48 - ====Start Log====
cURL is not available. Sync aborted. Please contact your host to install cURL.
====End Log====


02-22-2019 @ 13:18:48 - ====Start Log====
cURL is not available. Sync aborted. Please contact your host to install cURL.
====End Log====


02-22-2019 @ 13:19:46 - ====Start Log====
cURL is not available. Sync aborted. Please contact your host to install cURL.
====End Log====


02-22-2019 @ 13:19:46 - ====Start Log====
cURL is not available. Sync aborted. Please contact your host to install cURL.
====End Log====


02-22-2019 @ 13:19:46 - ====Start Log====
cURL is not available. Sync aborted. Please contact your host to install cURL.
====End Log====


02-22-2019 @ 13:19:47 - ====Start Log====
cURL is not available. Sync aborted. Please contact your host to install cURL.
====End Log====


02-22-2019 @ 13:19:47 - ====Start Log====
cURL is not available. Sync aborted. Please contact your host to install cURL.
====End Log====


02-22-2019 @ 13:19:47 - ====Start Log====
cURL is not available. Sync aborted. Please contact your host to install cURL.
====End Log====


02-22-2019 @ 13:24:40 - ====Start Log====
cURL is not available. Sync aborted. Please contact your host to install cURL.
====End Log====


02-22-2019 @ 13:24:41 - ====Start Log====
cURL is not available. Sync aborted. Please contact your host to install cURL.
====End Log====


02-22-2019 @ 13:24:41 - ====Start Log====
cURL is not available. Sync aborted. Please contact your host to install cURL.
====End Log====


02-22-2019 @ 13:24:46 - ====Start Log====
cURL is not available. Sync aborted. Please contact your host to install cURL.
====End Log====


02-22-2019 @ 13:24:46 - ====Start Log====
cURL is not available. Sync aborted. Please contact your host to install cURL.
====End Log====


02-22-2019 @ 13:24:46 - ====Start Log====
cURL is not available. Sync aborted. Please contact your host to install cURL.
====End Log====


02-22-2019 @ 13:26:00 - ====Start Log====
cURL is not available. Sync aborted. Please contact your host to install cURL.
====End Log====


02-22-2019 @ 13:26:00 - ====Start Log====
cURL is not available. Sync aborted. Please contact your host to install cURL.
====End Log====


02-22-2019 @ 13:26:00 - ====Start Log====
cURL is not available. Sync aborted. Please contact your host to install cURL.
====End Log====


02-22-2019 @ 13:26:00 - ====Start Log====
cURL is not available. Sync aborted. Please contact your host to install cURL.
====End Log====


02-22-2019 @ 13:26:00 - ====Start Log====
cURL is not available. Sync aborted. Please contact your host to install cURL.
====End Log====


02-22-2019 @ 13:26:01 - ====Start Log====
cURL is not available. Sync aborted. Please contact your host to install cURL.
====End Log====


02-22-2019 @ 13:27:56 - ====Start Log====
cURL is not available. Sync aborted. Please contact your host to install cURL.
====End Log====


02-22-2019 @ 13:27:57 - ====Start Log====
cURL is not available. Sync aborted. Please contact your host to install cURL.
====End Log====


02-22-2019 @ 13:27:57 - ====Start Log====
cURL is not available. Sync aborted. Please contact your host to install cURL.
====End Log====


02-22-2019 @ 13:27:58 - ====Start Log====
cURL is not available. Sync aborted. Please contact your host to install cURL.
====End Log====


02-22-2019 @ 13:27:59 - ====Start Log====
cURL is not available. Sync aborted. Please contact your host to install cURL.
====End Log====


02-22-2019 @ 13:27:59 - ====Start Log====
cURL is not available. Sync aborted. Please contact your host to install cURL.
====End Log====


02-22-2019 @ 13:29:22 - ====Start Log====
cURL is not available. Sync aborted. Please contact your host to install cURL.
====End Log====


02-22-2019 @ 13:29:22 - ====Start Log====
cURL is not available. Sync aborted. Please contact your host to install cURL.
====End Log====


02-22-2019 @ 13:29:22 - ====Start Log====
cURL is not available. Sync aborted. Please contact your host to install cURL.
====End Log====


02-22-2019 @ 13:29:22 - ====Start Log====
cURL is not available. Sync aborted. Please contact your host to install cURL.
====End Log====


02-22-2019 @ 13:29:23 - ====Start Log====
cURL is not available. Sync aborted. Please contact your host to install cURL.
====End Log====


02-22-2019 @ 13:29:25 - ====Start Log====
cURL is not available. Sync aborted. Please contact your host to install cURL.
====End Log====


02-22-2019 @ 13:29:25 - ====Start Log====
cURL is not available. Sync aborted. Please contact your host to install cURL.
====End Log====


02-22-2019 @ 13:29:25 - ====Start Log====
cURL is not available. Sync aborted. Please contact your host to install cURL.
====End Log====


02-22-2019 @ 13:30:47 - ====Start Log====
cURL is not available. Sync aborted. Please contact your host to install cURL.
====End Log====


02-22-2019 @ 13:30:47 - ====Start Log====
cURL is not available. Sync aborted. Please contact your host to install cURL.
====End Log====


02-22-2019 @ 13:30:47 - ====Start Log====
cURL is not available. Sync aborted. Please contact your host to install cURL.
====End Log====


02-22-2019 @ 13:30:47 - ====Start Log====
cURL is not available. Sync aborted. Please contact your host to install cURL.
====End Log====


02-22-2019 @ 13:30:47 - ====Start Log====
cURL is not available. Sync aborted. Please contact your host to install cURL.
====End Log====


02-22-2019 @ 13:30:48 - ====Start Log====
cURL is not available. Sync aborted. Please contact your host to install cURL.
====End Log====


02-22-2019 @ 13:30:51 - ====Start Log====
cURL is not available. Sync aborted. Please contact your host to install cURL.
====End Log====


02-22-2019 @ 13:30:52 - ====Start Log====
cURL is not available. Sync aborted. Please contact your host to install cURL.
====End Log====


02-22-2019 @ 13:30:54 - ====Start Log====
cURL is not available. Sync aborted. Please contact your host to install cURL.
====End Log====


02-22-2019 @ 13:30:54 - ====Start Log====
cURL is not available. Sync aborted. Please contact your host to install cURL.
====End Log====


02-22-2019 @ 13:30:54 - ====Start Log====
cURL is not available. Sync aborted. Please contact your host to install cURL.
====End Log====


02-22-2019 @ 13:31:45 - ====Start Log====
cURL is not available. Sync aborted. Please contact your host to install cURL.
====End Log====


02-22-2019 @ 13:31:46 - ====Start Log====
cURL is not available. Sync aborted. Please contact your host to install cURL.
====End Log====


02-22-2019 @ 13:31:46 - ====Start Log====
cURL is not available. Sync aborted. Please contact your host to install cURL.
====End Log====


02-22-2019 @ 13:31:46 - ====Start Log====
cURL is not available. Sync aborted. Please contact your host to install cURL.
====End Log====


02-22-2019 @ 13:31:46 - ====Start Log====
cURL is not available. Sync aborted. Please contact your host to install cURL.
====End Log====


02-22-2019 @ 13:31:47 - ====Start Log====
cURL is not available. Sync aborted. Please contact your host to install cURL.
====End Log====


02-22-2019 @ 13:31:54 - ====Start Log====
cURL is not available. Sync aborted. Please contact your host to install cURL.
====End Log====


02-22-2019 @ 13:31:54 - ====Start Log====
cURL is not available. Sync aborted. Please contact your host to install cURL.
====End Log====


02-22-2019 @ 13:31:55 - ====Start Log====
cURL is not available. Sync aborted. Please contact your host to install cURL.
====End Log====


02-22-2019 @ 13:31:55 - ====Start Log====
cURL is not available. Sync aborted. Please contact your host to install cURL.
====End Log====


02-22-2019 @ 13:31:55 - ====Start Log====
cURL is not available. Sync aborted. Please contact your host to install cURL.
====End Log====


02-22-2019 @ 13:31:55 - ====Start Log====
cURL is not available. Sync aborted. Please contact your host to install cURL.
====End Log====


02-22-2019 @ 13:31:57 - ====Start Log====
cURL is not available. Sync aborted. Please contact your host to install cURL.
====End Log====


02-22-2019 @ 13:31:57 - ====Start Log====
cURL is not available. Sync aborted. Please contact your host to install cURL.
====End Log====


02-22-2019 @ 13:31:58 - ====Start Log====
cURL is not available. Sync aborted. Please contact your host to install cURL.
====End Log====


02-22-2019 @ 13:35:43 - ====Start Log====
cURL is not available. Sync aborted. Please contact your host to install cURL.
====End Log====


02-22-2019 @ 13:35:43 - ====Start Log====
cURL is not available. Sync aborted. Please contact your host to install cURL.
====End Log====


02-22-2019 @ 13:35:44 - ====Start Log====
cURL is not available. Sync aborted. Please contact your host to install cURL.
====End Log====


02-22-2019 @ 13:35:44 - ====Start Log====
cURL is not available. Sync aborted. Please contact your host to install cURL.
====End Log====


02-22-2019 @ 13:35:44 - ====Start Log====
cURL is not available. Sync aborted. Please contact your host to install cURL.
====End Log====


02-22-2019 @ 13:35:45 - ====Start Log====
cURL is not available. Sync aborted. Please contact your host to install cURL.
====End Log====


02-22-2019 @ 13:37:01 - ====Start Log====
cURL is not available. Sync aborted. Please contact your host to install cURL.
====End Log====


02-22-2019 @ 13:37:01 - ====Start Log====
cURL is not available. Sync aborted. Please contact your host to install cURL.
====End Log====


02-22-2019 @ 13:37:01 - ====Start Log====
cURL is not available. Sync aborted. Please contact your host to install cURL.
====End Log====


02-22-2019 @ 13:37:01 - ====Start Log====
cURL is not available. Sync aborted. Please contact your host to install cURL.
====End Log====


02-22-2019 @ 13:37:01 - ====Start Log====
cURL is not available. Sync aborted. Please contact your host to install cURL.
====End Log====


02-22-2019 @ 13:37:02 - ====Start Log====
cURL is not available. Sync aborted. Please contact your host to install cURL.
====End Log====


02-22-2019 @ 13:37:07 - ====Start Log====
cURL is not available. Sync aborted. Please contact your host to install cURL.
====End Log====


02-22-2019 @ 13:37:07 - ====Start Log====
cURL is not available. Sync aborted. Please contact your host to install cURL.
====End Log====


02-22-2019 @ 13:37:07 - ====Start Log====
cURL is not available. Sync aborted. Please contact your host to install cURL.
====End Log====


02-22-2019 @ 13:37:07 - ====Start Log====
cURL is not available. Sync aborted. Please contact your host to install cURL.
====End Log====


02-22-2019 @ 13:37:08 - ====Start Log====
cURL is not available. Sync aborted. Please contact your host to install cURL.
====End Log====


02-22-2019 @ 14:42:26 - ====Start Log====
cURL is not available. Sync aborted. Please contact your host to install cURL.
====End Log====


02-22-2019 @ 14:42:26 - ====Start Log====
cURL is not available. Sync aborted. Please contact your host to install cURL.
====End Log====


02-22-2019 @ 14:42:28 - ====Start Log====
cURL is not available. Sync aborted. Please contact your host to install cURL.
====End Log====


02-22-2019 @ 14:42:28 - ====Start Log====
cURL is not available. Sync aborted. Please contact your host to install cURL.
====End Log====


02-22-2019 @ 14:42:38 - ====Start Log====
cURL is not available. Sync aborted. Please contact your host to install cURL.
====End Log====


02-22-2019 @ 14:42:38 - ====Start Log====
cURL is not available. Sync aborted. Please contact your host to install cURL.
====End Log====


02-22-2019 @ 14:42:46 - ====Start Log====
cURL is not available. Sync aborted. Please contact your host to install cURL.
====End Log====


02-22-2019 @ 14:42:54 - ====Start Log====
cURL is not available. Sync aborted. Please contact your host to install cURL.
====End Log====


02-22-2019 @ 14:42:54 - ====Start Log====
cURL is not available. Sync aborted. Please contact your host to install cURL.
====End Log====


02-22-2019 @ 14:42:58 - ====Start Log====
cURL is not available. Sync aborted. Please contact your host to install cURL.
====End Log====


02-22-2019 @ 14:42:58 - ====Start Log====
cURL is not available. Sync aborted. Please contact your host to install cURL.
====End Log====


02-22-2019 @ 14:43:03 - ====Start Log====
cURL is not available. Sync aborted. Please contact your host to install cURL.
====End Log====


02-22-2019 @ 14:43:03 - ====Start Log====
cURL is not available. Sync aborted. Please contact your host to install cURL.
====End Log====


02-22-2019 @ 14:43:39 - ====Start Log====
cURL is not available. Sync aborted. Please contact your host to install cURL.
====End Log====


02-22-2019 @ 14:43:43 - ====Start Log====
cURL is not available. Sync aborted. Please contact your host to install cURL.
====End Log====


02-22-2019 @ 14:43:43 - ====Start Log====
cURL is not available. Sync aborted. Please contact your host to install cURL.
====End Log====


02-22-2019 @ 14:43:43 - ====Start Log====
cURL is not available. Sync aborted. Please contact your host to install cURL.
====End Log====


02-22-2019 @ 14:43:43 - ====Start Log====
cURL is not available. Sync aborted. Please contact your host to install cURL.
====End Log====


02-22-2019 @ 14:43:44 - ====Start Log====
cURL is not available. Sync aborted. Please contact your host to install cURL.
====End Log====


02-22-2019 @ 14:48:01 - ====Start Log====
cURL is not available. Sync aborted. Please contact your host to install cURL.
====End Log====


02-22-2019 @ 14:48:01 - ====Start Log====
cURL is not available. Sync aborted. Please contact your host to install cURL.
====End Log====


02-22-2019 @ 14:48:01 - ====Start Log====
cURL is not available. Sync aborted. Please contact your host to install cURL.
====End Log====


02-22-2019 @ 14:48:03 - ====Start Log====
cURL is not available. Sync aborted. Please contact your host to install cURL.
====End Log====


02-22-2019 @ 14:48:03 - ====Start Log====
cURL is not available. Sync aborted. Please contact your host to install cURL.
====End Log====


02-22-2019 @ 14:48:03 - ====Start Log====
cURL is not available. Sync aborted. Please contact your host to install cURL.
>>>>>>> 7857d61275f0d8a87d71bf9c58adb73fb95f1da0
====End Log====


