<<<<<<< HEAD
02-25-2019 @ 13:17:09 - ====Start Log====
=======
02-25-2019 @ 13:14:16 - ====Start Log====
>>>>>>> backend
cURL is not available. Sync aborted. Please contact your host to install cURL.
====End Log====


<<<<<<< HEAD
02-25-2019 @ 13:17:09 - ====Start Log====
=======
02-25-2019 @ 13:14:17 - ====Start Log====
>>>>>>> backend
cURL is not available. Sync aborted. Please contact your host to install cURL.
====End Log====


<<<<<<< HEAD
02-25-2019 @ 13:17:20 - ====Start Log====
=======
02-25-2019 @ 13:14:20 - ====Start Log====
>>>>>>> backend
cURL is not available. Sync aborted. Please contact your host to install cURL.
====End Log====


<<<<<<< HEAD
02-25-2019 @ 13:17:24 - ====Start Log====
=======
02-25-2019 @ 13:14:22 - ====Start Log====
>>>>>>> backend
cURL is not available. Sync aborted. Please contact your host to install cURL.
====End Log====


<<<<<<< HEAD
02-25-2019 @ 13:17:24 - ====Start Log====
=======
02-25-2019 @ 13:14:22 - ====Start Log====
>>>>>>> backend
cURL is not available. Sync aborted. Please contact your host to install cURL.
====End Log====


<<<<<<< HEAD
02-25-2019 @ 13:17:50 - ====Start Log====
=======
02-25-2019 @ 13:14:23 - ====Start Log====
>>>>>>> backend
cURL is not available. Sync aborted. Please contact your host to install cURL.
====End Log====


<<<<<<< HEAD
02-25-2019 @ 13:17:50 - ====Start Log====
=======
02-25-2019 @ 13:14:24 - ====Start Log====
>>>>>>> backend
cURL is not available. Sync aborted. Please contact your host to install cURL.
====End Log====


<<<<<<< HEAD
02-25-2019 @ 13:18:01 - ====Start Log====
cURL is not available. Sync aborted. Please contact your host to install cURL.
====End Log====


02-25-2019 @ 13:18:02 - ====Start Log====
cURL is not available. Sync aborted. Please contact your host to install cURL.
====End Log====


02-25-2019 @ 13:18:25 - ====Start Log====
cURL is not available. Sync aborted. Please contact your host to install cURL.
====End Log====


02-25-2019 @ 13:18:25 - ====Start Log====
cURL is not available. Sync aborted. Please contact your host to install cURL.
====End Log====


02-25-2019 @ 13:19:10 - ====Start Log====
cURL is not available. Sync aborted. Please contact your host to install cURL.
====End Log====


02-25-2019 @ 13:19:10 - ====Start Log====
cURL is not available. Sync aborted. Please contact your host to install cURL.
====End Log====


02-25-2019 @ 13:19:10 - ====Start Log====
cURL is not available. Sync aborted. Please contact your host to install cURL.
====End Log====


02-25-2019 @ 13:19:11 - ====Start Log====
cURL is not available. Sync aborted. Please contact your host to install cURL.
====End Log====


02-25-2019 @ 13:19:11 - ====Start Log====
cURL is not available. Sync aborted. Please contact your host to install cURL.
====End Log====


02-25-2019 @ 13:19:11 - ====Start Log====
cURL is not available. Sync aborted. Please contact your host to install cURL.
====End Log====


02-25-2019 @ 13:20:07 - ====Start Log====
cURL is not available. Sync aborted. Please contact your host to install cURL.
====End Log====


02-25-2019 @ 13:20:07 - ====Start Log====
cURL is not available. Sync aborted. Please contact your host to install cURL.
====End Log====


02-25-2019 @ 13:20:07 - ====Start Log====
cURL is not available. Sync aborted. Please contact your host to install cURL.
====End Log====


02-25-2019 @ 13:20:07 - ====Start Log====
cURL is not available. Sync aborted. Please contact your host to install cURL.
====End Log====


02-25-2019 @ 13:20:07 - ====Start Log====
cURL is not available. Sync aborted. Please contact your host to install cURL.
====End Log====


02-25-2019 @ 13:20:07 - ====Start Log====
cURL is not available. Sync aborted. Please contact your host to install cURL.
====End Log====


02-25-2019 @ 13:20:07 - ====Start Log====
cURL is not available. Sync aborted. Please contact your host to install cURL.
====End Log====


02-25-2019 @ 13:20:08 - ====Start Log====
cURL is not available. Sync aborted. Please contact your host to install cURL.
====End Log====


02-25-2019 @ 13:20:09 - ====Start Log====
cURL is not available. Sync aborted. Please contact your host to install cURL.
====End Log====


02-25-2019 @ 13:20:09 - ====Start Log====
cURL is not available. Sync aborted. Please contact your host to install cURL.
====End Log====


02-25-2019 @ 13:20:09 - ====Start Log====
cURL is not available. Sync aborted. Please contact your host to install cURL.
====End Log====


02-25-2019 @ 13:20:11 - ====Start Log====
cURL is not available. Sync aborted. Please contact your host to install cURL.
====End Log====


02-25-2019 @ 13:20:13 - ====Start Log====
cURL is not available. Sync aborted. Please contact your host to install cURL.
====End Log====


02-25-2019 @ 13:20:34 - ====Start Log====
cURL is not available. Sync aborted. Please contact your host to install cURL.
====End Log====


02-25-2019 @ 13:20:36 - ====Start Log====
cURL is not available. Sync aborted. Please contact your host to install cURL.
====End Log====


02-25-2019 @ 13:20:39 - ====Start Log====
cURL is not available. Sync aborted. Please contact your host to install cURL.
====End Log====


02-25-2019 @ 13:20:39 - ====Start Log====
cURL is not available. Sync aborted. Please contact your host to install cURL.
====End Log====


02-25-2019 @ 13:20:40 - ====Start Log====
cURL is not available. Sync aborted. Please contact your host to install cURL.
====End Log====


02-25-2019 @ 13:20:55 - ====Start Log====
cURL is not available. Sync aborted. Please contact your host to install cURL.
====End Log====


02-25-2019 @ 13:21:35 - ====Start Log====
cURL is not available. Sync aborted. Please contact your host to install cURL.
====End Log====


02-25-2019 @ 13:21:50 - ====Start Log====
cURL is not available. Sync aborted. Please contact your host to install cURL.
====End Log====


02-25-2019 @ 13:21:50 - ====Start Log====
=======
02-25-2019 @ 13:14:28 - ====Start Log====
>>>>>>> backend
cURL is not available. Sync aborted. Please contact your host to install cURL.
====End Log====


